{"id":"1772557834330dipss","timestamp":"04.03.2026, 01:10:34","type":"ACTION","action":"LOGIN_SUCCESS","message":"Вход выполнен","user":{"id":"guest","name":"Аноним","role":"guest"},"ip":"::1","details":{"userId":273}}
{"id":"1772557834361y2our","timestamp":"04.03.2026, 01:10:34","type":"ACTION","action":"POST_REQUEST","message":"Успешный запрос на /api/users/login","user":{"id":"guest","name":"Аноним","role":"guest"},"ip":"::1","details":{}}
{"id":"1772557862434th43p","timestamp":"04.03.2026, 01:11:02","type":"ACTION","action":"LOGIN_SUCCESS","message":"Вход выполнен","user":{"id":"guest","name":"Аноним","role":"guest"},"ip":"::1","details":{"userId":274}}
{"id":"1772557862434nmnsj","timestamp":"04.03.2026, 01:11:02","type":"ACTION","action":"POST_REQUEST","message":"Успешный запрос на /api/users/login","user":{"id":"guest","name":"Аноним","role":"guest"},"ip":"::1","details":{}}
{"id":"1772558976517jjrzi","timestamp":"04.03.2026, 01:29:36","type":"ACTION","action":"LOGIN_SUCCESS","message":"Вход выполнен","user":{"id":"guest","name":"Аноним","role":"guest"},"ip":"::1","details":{}}
{"id":"1772558976536sd52v","timestamp":"04.03.2026, 01:29:36","type":"ACTION","action":"POST_REQUEST","message":"Успешный запрос на /api/users/login","user":{"id":"guest","name":"Аноним","role":"guest"},"ip":"::1","details":{}}
{"id":"17725589983673ok8n","timestamp":"04.03.2026, 01:29:58","type":"ACTION","action":"POST_REQUEST","message":"Успешный запрос на /api/wishlist","user":{"id":"273","name":"Имя0","role":"admin"},"ip":"::1","details":{}}
{"id":"17725590034085h67l","timestamp":"04.03.2026, 01:30:03","type":"ACTION","action":"DELETE_REQUEST","message":"Успешный запрос на /api/wishlist/991","user":{"id":"273","name":"Имя0","role":"admin"},"ip":"::1","details":{}}
{"id":"1772559004224yj439","timestamp":"04.03.2026, 01:30:04","type":"ACTION","action":"DELETE_REQUEST","message":"Успешный запрос на /api/wishlist/990","user":{"id":"273","name":"Имя0","role":"admin"},"ip":"::1","details":{}}
{"id":"177255900713224h4y","timestamp":"04.03.2026, 01:30:07","type":"ACTION","action":"DELETE_REQUEST","message":"Успешный запрос на /api/wishlist/992","user":{"id":"273","name":"Имя0","role":"admin"},"ip":"::1","details":{}}
{"id":"17725594213146t0c2","timestamp":"04.03.2026, 01:37:01","type":"ACTION","action":"PUT_REQUEST","message":"Успешный запрос на /api/admin/products/372","user":{"id":"273","name":"Имя0","role":"admin"},"ip":"::1","details":{}}
{"id":"1772559448707faci5","timestamp":"04.03.2026, 01:37:28","type":"ACTION","action":"PUT_REQUEST","message":"Успешный запрос на /api/admin/products/372","user":{"id":"273","name":"Имя0","role":"admin"},"ip":"::1","details":{}}
{"id":"1772560759779rvnkm","timestamp":"04.03.2026, 01:59:19","type":"ACTION","action":"POST_REQUEST","message":"Успешный запрос на /api/products/recent","user":{"id":"273","name":"Имя0","role":"admin"},"ip":"::1","details":{}}
{"id":"1772561279273205g1","timestamp":"04.03.2026, 02:07:59","type":"ACTION","action":"POST_REQUEST","message":"Успешный запрос на /api/products/recent","user":{"id":"273","name":"Имя0","role":"admin"},"ip":"::1","details":{}}
{"id":"1772621803954p3eju","timestamp":"04.03.2026, 18:56:43","type":"ACTION","action":"POST_REQUEST","message":"Успешный запрос на /api/products/recent","user":{"id":"273","name":"Имя0","role":"admin"},"ip":"::1","details":{}}
{"id":"1772621808329p5gk4","timestamp":"04.03.2026, 18:56:48","type":"ACTION","action":"POST_REQUEST","message":"Успешный запрос на /api/products/recent","user":{"id":"273","name":"Имя0","role":"admin"},"ip":"::1","details":{}}
{"id":"1772621846319syl0x","timestamp":"04.03.2026, 18:57:26","type":"ACTION","action":"PATCH_REQUEST","message":"Успешный запрос на /api/orders/281","user":{"id":"273","name":"Имя0","role":"admin"},"ip":"::1","details":{}}
{"id":"17726218766194rtgf","timestamp":"04.03.2026, 18:57:56","type":"ACTION","action":"PATCH_REQUEST","message":"Успешный запрос на /api/orders/281","user":{"id":"273","name":"Имя0","role":"admin"},"ip":"::1","details":{}}
{"id":"1772621919744gxrj0","timestamp":"04.03.2026, 18:58:39","type":"ACTION","action":"PUT_REQUEST","message":"Успешный запрос на /api/admin/orders/305","user":{"id":"273","name":"Имя0","role":"admin"},"ip":"::1","details":{}}
{"id":"1772621937448cilmg","timestamp":"04.03.2026, 18:58:57","type":"ACTION","action":"POST_REQUEST","message":"Успешный запрос на /api/products/recent","user":{"id":"273","name":"Имя0","role":"admin"},"ip":"::1","details":{}}
{"id":"1772621946633em2rm","timestamp":"04.03.2026, 18:59:06","type":"ACTION","action":"PUT_REQUEST","message":"Успешный запрос на /api/admin/orders/305","user":{"id":"273","name":"Имя0","role":"admin"},"ip":"::1","details":{}}
{"id":"1772621972289abg4u","timestamp":"04.03.2026, 18:59:32","type":"ACTION","action":"POST_REQUEST","message":"Успешный запрос на /api/products/recent","user":{"id":"273","name":"Имя0","role":"admin"},"ip":"::1","details":{}}
{"id":"1772621985744anujd","timestamp":"04.03.2026, 18:59:45","type":"ACTION","action":"PUT_REQUEST","message":"Успешный запрос на /api/admin/orders/281","user":{"id":"273","name":"Имя0","role":"admin"},"ip":"::1","details":{}}
{"id":"1772621995821lij4o","timestamp":"04.03.2026, 18:59:55","type":"ACTION","action":"PUT_REQUEST","message":"Успешный запрос на /api/admin/orders/281","user":{"id":"273","name":"Имя0","role":"admin"},"ip":"::1","details":{}}
{"id":"1772622592209pgt17","timestamp":"04.03.2026, 19:09:52","type":"ACTION","action":"POST_REQUEST","message":"Успешный запрос на /api/products/recent","user":{"id":"273","name":"Имя0","role":"admin"},"ip":"::1","details":{}}
{"id":"1772622595225d1z2j","timestamp":"04.03.2026, 19:09:55","type":"ACTION","action":"POST_REQUEST","message":"Успешный запрос на /api/products/recent","user":{"id":"273","name":"Имя0","role":"admin"},"ip":"::1","details":{}}
{"id":"1772622735911kh1w9","timestamp":"04.03.2026, 19:12:15","type":"ACTION","action":"REGISTER","message":"Новый пользователь создан","user":{"id":"guest","name":"Аноним","role":"guest"},"ip":"::1","details":{}}
{"id":"1772622735911g2zw3","timestamp":"04.03.2026, 19:12:15","type":"ACTION","action":"POST_REQUEST","message":"Успешный запрос на /api/users/register","user":{"id":"guest","name":"Аноним","role":"guest"},"ip":"::1","details":{}}
{"id":"1772622758935a6bs0","timestamp":"04.03.2026, 19:12:38","type":"ACTION","action":"POST_REQUEST","message":"Успешный запрос на /api/cards","user":{"id":"1","name":"Test","role":"guest"},"ip":"::1","details":{}}
{"id":"1772622773002als0q","timestamp":"04.03.2026, 19:12:53","type":"ACTION","action":"DELETE_REQUEST","message":"Успешный запрос на /api/cards/2","user":{"id":"1","name":"Test","role":"guest"},"ip":"::1","details":{}}
{"id":"1772623223408pujt8","timestamp":"04.03.2026, 19:20:23","type":"ACTION","action":"LOGIN_SUCCESS","message":"Вход выполнен","user":{"id":"guest","name":"Аноним","role":"guest"},"ip":"::1","details":{}}
{"id":"1772623223426e3toi","timestamp":"04.03.2026, 19:20:23","type":"ACTION","action":"POST_REQUEST","message":"Успешный запрос на /api/users/login","user":{"id":"guest","name":"Аноним","role":"guest"},"ip":"::1","details":{}}
{"id":"177262334924579j8g","timestamp":"04.03.2026, 19:22:29","type":"ACTION","action":"ORDER_CREATED","message":"Заказ #181 оформлен на 1700 ₽","user":{"id":"32","name":"Имя0","role":"admin"},"ip":"::1","details":{}}
{"id":"1772623349245auwge","timestamp":"04.03.2026, 19:22:29","type":"ACTION","action":"POST_REQUEST","message":"Успешный запрос на /api/orders","user":{"id":"32","name":"Имя0","role":"admin"},"ip":"::1","details":{}}
{"id":"17726233495636dkr1","timestamp":"04.03.2026, 19:22:29","type":"ACTION","action":"POST_REQUEST","message":"Успешный запрос на /api/cards","user":{"id":"32","name":"Имя0","role":"admin"},"ip":"::1","details":{}}
{"id":"17726234339426l4b9","timestamp":"04.03.2026, 19:23:53","type":"ACTION","action":"ORDER_CREATED","message":"Заказ #182 оформлен на 1700 ₽","user":{"id":"32","name":"Имя0","role":"admin"},"ip":"::1","details":{}}
{"id":"1772623433943dfp6b","timestamp":"04.03.2026, 19:23:53","type":"ACTION","action":"POST_REQUEST","message":"Успешный запрос на /api/orders","user":{"id":"32","name":"Имя0","role":"admin"},"ip":"::1","details":{}}
{"id":"1772623778949ssjq3","timestamp":"04.03.2026, 19:29:38","type":"ACTION","action":"PATCH_REQUEST","message":"Успешный запрос на /api/orders/92","user":{"id":"32","name":"Имя0","role":"admin"},"ip":"::1","details":{}}
{"id":"1772623797494qhpbj","timestamp":"04.03.2026, 19:29:57","type":"ACTION","action":"PATCH_REQUEST","message":"Успешный запрос на /api/orders/92","user":{"id":"32","name":"Имя0","role":"admin"},"ip":"::1","details":{}}
{"id":"1772623826828c5kj1","timestamp":"04.03.2026, 19:30:26","type":"ACTION","action":"SEARCH","message":"Поиск: Запчасть Тип 11 Motul Premium","user":{"id":"32","name":"Имя0","role":"admin"},"ip":"::1","details":{}}
{"id":"1772623838842ant5y","timestamp":"04.03.2026, 19:30:38","type":"ACTION","action":"SEARCH","message":"Поиск: Запчасть Тип 1Запчасть Тип 20 Dayco Premium1 Motul Premium","user":{"id":"32","name":"Имя0","role":"admin"},"ip":"::1","details":{}}
{"id":"1772623839693qh30o","timestamp":"04.03.2026, 19:30:39","type":"ACTION","action":"SEARCH","message":"Поиск: Запчасть Тип 20 Dayco Premium","user":{"id":"32","name":"Имя0","role":"admin"},"ip":"::1","details":{}}
{"id":"1772624058584s6suf","timestamp":"04.03.2026, 19:34:18","type":"ACTION","action":"ORDER_CREATED","message":"Заказ #183 оформлен на 2200 ₽","user":{"id":"32","name":"Имя0","role":"admin"},"ip":"::1","details":{}}
{"id":"1772624058602i4ddx","timestamp":"04.03.2026, 19:34:18","type":"ACTION","action":"POST_REQUEST","message":"Успешный запрос на /api/orders","user":{"id":"32","name":"Имя0","role":"admin"},"ip":"::1","details":{}}
{"id":"1772624059816mm6pp","timestamp":"04.03.2026, 19:34:19","type":"ACTION","action":"POST_REQUEST","message":"Успешный запрос на /api/products/recent","user":{"id":"32","name":"Имя0","role":"admin"},"ip":"::1","details":{}}
{"id":"1772624070577nxduf","timestamp":"04.03.2026, 19:34:30","type":"ACTION","action":"PATCH_REQUEST","message":"Успешный запрос на /api/orders/183","user":{"id":"32","name":"Имя0","role":"admin"},"ip":"::1","details":{}}
{"id":"17726240979566z59y","timestamp":"04.03.2026, 19:34:57","type":"ACTION","action":"PATCH_REQUEST","message":"Успешный запрос на /api/orders/183","user":{"id":"32","name":"Имя0","role":"admin"},"ip":"::1","details":{}}
{"id":"1772624128774pbwt0","timestamp":"04.03.2026, 19:35:28","type":"ACTION","action":"ORDER_CREATED","message":"Заказ #184 оформлен на 3900 ₽","user":{"id":"32","name":"Имя0","role":"admin"},"ip":"::1","details":{}}
{"id":"1772624128774cwyxu","timestamp":"04.03.2026, 19:35:28","type":"ACTION","action":"POST_REQUEST","message":"Успешный запрос на /api/orders","user":{"id":"32","name":"Имя0","role":"admin"},"ip":"::1","details":{}}
{"id":"1772624129949axdj4","timestamp":"04.03.2026, 19:35:29","type":"ACTION","action":"POST_REQUEST","message":"Успешный запрос на /api/products/recent","user":{"id":"32","name":"Имя0","role":"admin"},"ip":"::1","details":{}}
{"id":"17726242930227wahh","timestamp":"04.03.2026, 19:38:13","type":"ACTION","action":"POST_REQUEST","message":"Успешный запрос на /api/products/recent","user":{"id":"32","name":"Имя0","role":"admin"},"ip":"::1","details":{}}
{"id":"17726244755191tw4a","timestamp":"04.03.2026, 19:41:15","type":"ACTION","action":"PATCH_REQUEST","message":"Успешный запрос на /api/orders/184","user":{"id":"32","name":"Имя0","role":"admin"},"ip":"::1","details":{}}
{"id":"17726244825815uz5d","timestamp":"04.03.2026, 19:41:22","type":"ACTION","action":"PATCH_REQUEST","message":"Успешный запрос на /api/orders/184","user":{"id":"32","name":"Имя0","role":"admin"},"ip":"::1","details":{}}
{"id":"177262552210639eb7","timestamp":"04.03.2026, 19:58:42","type":"ACTION","action":"POST_REQUEST","message":"Успешный запрос на /api/products/recent","user":{"id":"32","name":"Имя0","role":"admin"},"ip":"::1","details":{}}
{"id":"1772625537047fbbgv","timestamp":"04.03.2026, 19:58:57","type":"ACTION","action":"PUT_REQUEST","message":"Успешный запрос на /api/admin/user_cards/3","user":{"id":"32","name":"Имя0","role":"admin"},"ip":"::1","details":{}}
{"id":"17726255373839qfah","timestamp":"04.03.2026, 19:58:57","type":"ACTION","action":"PUT_REQUEST","message":"Успешный запрос на /api/admin/user_cards/3","user":{"id":"32","name":"Имя0","role":"admin"},"ip":"::1","details":{}}
{"id":"17726255377695v1sa","timestamp":"04.03.2026, 19:58:57","type":"ACTION","action":"PUT_REQUEST","message":"Успешный запрос на /api/admin/user_cards/3","user":{"id":"32","name":"Имя0","role":"admin"},"ip":"::1","details":{}}
{"id":"1772625539331zwmql","timestamp":"04.03.2026, 19:58:59","type":"ACTION","action":"PUT_REQUEST","message":"Успешный запрос на /api/admin/user_cards/3","user":{"id":"32","name":"Имя0","role":"admin"},"ip":"::1","details":{}}
{"id":"1772625539719toaa5","timestamp":"04.03.2026, 19:58:59","type":"ACTION","action":"PUT_REQUEST","message":"Успешный запрос на /api/admin/user_cards/3","user":{"id":"32","name":"Имя0","role":"admin"},"ip":"::1","details":{}}
{"id":"1772625540235fglkg","timestamp":"04.03.2026, 19:59:00","type":"ACTION","action":"PUT_REQUEST","message":"Успешный запрос на /api/admin/user_cards/3","user":{"id":"32","name":"Имя0","role":"admin"},"ip":"::1","details":{}}
{"id":"1772625540675ht2mt","timestamp":"04.03.2026, 19:59:00","type":"ACTION","action":"PUT_REQUEST","message":"Успешный запрос на /api/admin/user_cards/3","user":{"id":"32","name":"Имя0","role":"admin"},"ip":"::1","details":{}}
{"id":"1772625542285k8kbv","timestamp":"04.03.2026, 19:59:02","type":"ACTION","action":"PUT_REQUEST","message":"Успешный запрос на /api/admin/user_cards/3","user":{"id":"32","name":"Имя0","role":"admin"},"ip":"::1","details":{}}
{"id":"177262554273216n44","timestamp":"04.03.2026, 19:59:02","type":"ACTION","action":"PUT_REQUEST","message":"Успешный запрос на /api/admin/user_cards/3","user":{"id":"32","name":"Имя0","role":"admin"},"ip":"::1","details":{}}
{"id":"1772625544057a0150","timestamp":"04.03.2026, 19:59:04","type":"ACTION","action":"PUT_REQUEST","message":"Успешный запрос на /api/admin/user_cards/3","user":{"id":"32","name":"Имя0","role":"admin"},"ip":"::1","details":{}}
{"id":"1772625544904saalk","timestamp":"04.03.2026, 19:59:04","type":"ACTION","action":"PUT_REQUEST","message":"Успешный запрос на /api/admin/user_cards/3","user":{"id":"32","name":"Имя0","role":"admin"},"ip":"::1","details":{}}
{"id":"1772625545148288bd","timestamp":"04.03.2026, 19:59:05","type":"ACTION","action":"PUT_REQUEST","message":"Успешный запрос на /api/admin/user_cards/3","user":{"id":"32","name":"Имя0","role":"admin"},"ip":"::1","details":{}}
{"id":"1772625545347r2p4j","timestamp":"04.03.2026, 19:59:05","type":"ACTION","action":"PUT_REQUEST","message":"Успешный запрос на /api/admin/user_cards/3","user":{"id":"32","name":"Имя0","role":"admin"},"ip":"::1","details":{}}
{"id":"1772625548471hbv3n","timestamp":"04.03.2026, 19:59:08","type":"ACTION","action":"PUT_REQUEST","message":"Успешный запрос на /api/admin/user_cards/3","user":{"id":"32","name":"Имя0","role":"admin"},"ip":"::1","details":{}}
{"id":"177262586311436zke","timestamp":"04.03.2026, 20:04:23","type":"ACTION","action":"PUT_REQUEST","message":"Успешный запрос на /api/admin/reviews/120","user":{"id":"32","name":"Имя0","role":"admin"},"ip":"::1","details":{}}
{"id":"17726258643262k4nd","timestamp":"04.03.2026, 20:04:24","type":"ACTION","action":"PUT_REQUEST","message":"Успешный запрос на /api/admin/reviews/120","user":{"id":"32","name":"Имя0","role":"admin"},"ip":"::1","details":{}}
{"id":"17726258817173j4y9","timestamp":"04.03.2026, 20:04:41","type":"ACTION","action":"SEARCH","message":"Поиск по запросу: \"Ремни ГРМ TRW Standard\"","user":{"id":"32","name":"Имя0","role":"admin"},"ip":"::1","details":{}}
{"id":"1772625893921pic1a","timestamp":"04.03.2026, 20:04:53","type":"ACTION","action":"POST_REQUEST","message":"Успешный запрос на /api/products/recent","user":{"id":"32","name":"Имя0","role":"admin"},"ip":"::1","details":{}}
{"id":"17726259801789djq3","timestamp":"04.03.2026, 20:06:20","type":"ACTION","action":"POST_REQUEST","message":"Успешный запрос на /api/upload/products","user":{"id":"32","name":"Имя0","role":"admin"},"ip":"::1","details":{}}
{"id":"1772625980368gtcyb","timestamp":"04.03.2026, 20:06:20","type":"ACTION","action":"PUT_REQUEST","message":"Успешный запрос на /api/admin/products/120","user":{"id":"32","name":"Имя0","role":"admin"},"ip":"::1","details":{}}
{"id":"17726260595158lt39","timestamp":"04.03.2026, 20:07:39","type":"ACTION","action":"SEARCH","message":"Поиск по запросу: \"Запчасть Тип 30 Bosch Standard\"","user":{"id":"32","name":"Имя0","role":"admin"},"ip":"::1","details":{}}
{"id":"1772626092429s9qmy","timestamp":"04.03.2026, 20:08:12","type":"ACTION","action":"POST_REQUEST","message":"Успешный запрос на /api/products/recent","user":{"id":"32","name":"Имя0","role":"admin"},"ip":"::1","details":{}}
{"id":"1772626140035yibrc","timestamp":"04.03.2026, 20:09:00","type":"ACTION","action":"PUT_REQUEST","message":"Успешный запрос на /api/admin/products/120","user":{"id":"32","name":"Имя0","role":"admin"},"ip":"::1","details":{}}
{"id":"1772632106137awdzq","timestamp":"04.03.2026, 21:48:26","type":"ACTION","action":"POST_REQUEST","message":"Успешный запрос на /api/products/recent","user":{"id":"32","name":"Имя0","role":"admin"},"ip":"::1","details":{}}
{"id":"1772632109678p7q06","timestamp":"04.03.2026, 21:48:29","type":"ACTION","action":"POST_REQUEST","message":"Успешный запрос на /api/products/recent","user":{"id":"32","name":"Имя0","role":"admin"},"ip":"::1","details":{}}
{"id":"177263222768267kyd","timestamp":"04.03.2026, 21:50:27","type":"ACTION","action":"ORDER_CREATED","message":"Заказ #185 на сумму 1500 ₽","user":{"id":"32","name":"Имя0","role":"admin"},"ip":"::1","details":{}}
{"id":"1772632227682ev79b","timestamp":"04.03.2026, 21:50:27","type":"ACTION","action":"POST_REQUEST","message":"Успешный запрос на /api/orders","user":{"id":"32","name":"Имя0","role":"admin"},"ip":"::1","details":{}}
{"id":"1772632229905eupjf","timestamp":"04.03.2026, 21:50:29","type":"ACTION","action":"POST_REQUEST","message":"Успешный запрос на /api/products/recent","user":{"id":"32","name":"Имя0","role":"admin"},"ip":"::1","details":{}}
{"id":"1772632254718c4zvf","timestamp":"04.03.2026, 21:50:54","type":"ACTION","action":"PUT_REQUEST","message":"Успешный запрос на /api/admin/orders/185","user":{"id":"32","name":"Имя0","role":"admin"},"ip":"::1","details":{}}
{"id":"1772632259074hy2df","timestamp":"04.03.2026, 21:50:59","type":"ACTION","action":"POST_REQUEST","message":"Успешный запрос на /api/products/recent","user":{"id":"32","name":"Имя0","role":"admin"},"ip":"::1","details":{}}
{"id":"1772632266886nn42s","timestamp":"04.03.2026, 21:51:06","type":"ACTION","action":"SEARCH","message":"Поиск по запросу: \"Моторные масла Bosch Premium\"","user":{"id":"32","name":"Имя0","role":"admin"},"ip":"::1","details":{}}
{"id":"17726331590938jg9s","timestamp":"04.03.2026, 22:05:59","type":"ACTION","action":"POST_REQUEST","message":"Успешный запрос на /api/reviews","user":{"id":"32","name":"Имя0","role":"admin"},"ip":"::1","details":{}}
{"id":"1772633283311wsax1","timestamp":"04.03.2026, 22:08:03","type":"ACTION","action":"POST_REQUEST","message":"Успешный запрос на /api/products/recent","user":{"id":"32","name":"Имя0","role":"admin"},"ip":"::1","details":{}}
{"id":"17726333712654r0g1","timestamp":"04.03.2026, 22:09:31","type":"ACTION","action":"POST_REQUEST","message":"Успешный запрос на /api/products/recent","user":{"id":"32","name":"Имя0","role":"admin"},"ip":"::1","details":{}}
{"id":"1772633401040w12o8","timestamp":"04.03.2026, 22:10:01","type":"ACTION","action":"PATCH_REQUEST","message":"Успешный запрос на /api/reviews/121","user":{"id":"32","name":"Имя0","role":"admin"},"ip":"::1","details":{}}
{"id":"17726335994311ljpk","timestamp":"04.03.2026, 22:13:19","type":"ACTION","action":"POST_REQUEST","message":"Успешный запрос на /api/products/recent","user":{"id":"32","name":"Имя0","role":"admin"},"ip":"::1","details":{}}
{"id":"1772634292694ny2g6","timestamp":"04.03.2026, 22:24:52","type":"ACTION","action":"POST_REQUEST","message":"Успешный запрос на /api/products/recent","user":{"id":"32","name":"Имя0","role":"admin"},"ip":"::1","details":{}}
{"id":"1772634309372lozbt","timestamp":"04.03.2026, 22:25:09","type":"ACTION","action":"PUT_REQUEST","message":"Успешный запрос на /api/users/profile/32","user":{"id":"32","name":"Имя0","role":"admin"},"ip":"::1","details":{}}
{"id":"1772634695218y7y2x","timestamp":"04.03.2026, 22:31:35","type":"ACTION","action":"PUT_REQUEST","message":"Успешный запрос на /api/users/profile/32","user":{"id":"32","name":"Имя0","role":"admin"},"ip":"::1","details":{}}
{"id":"1772635187860icii4","timestamp":"04.03.2026, 22:39:47","type":"ACTION","action":"ORDER_CREATED","message":"Заказ #186 на сумму 3200 ₽","user":{"id":"32","name":"Имя0","role":"admin"},"ip":"::1","details":{}}
{"id":"1772635187879ykkxf","timestamp":"04.03.2026, 22:39:47","type":"ACTION","action":"POST_REQUEST","message":"Успешный запрос на /api/orders","user":{"id":"32","name":"Имя0","role":"admin"},"ip":"::1","details":{}}
{"id":"1772635190079fqce9","timestamp":"04.03.2026, 22:39:50","type":"ACTION","action":"POST_REQUEST","message":"Успешный запрос на /api/products/recent","user":{"id":"32","name":"Имя0","role":"admin"},"ip":"::1","details":{}}
{"id":"1772635528937pjrpp","timestamp":"04.03.2026, 22:45:28","type":"ACTION","action":"DELETE_REQUEST","message":"Успешный запрос на /api/admin/orders/186","user":{"id":"32","name":"Имя0","role":"admin"},"ip":"::1","details":{}}
{"id":"177263561274554vv5","timestamp":"04.03.2026, 22:46:52","type":"ACTION","action":"PUT_REQUEST","message":"Успешный запрос на /api/users/profile/32","user":{"id":"32","name":"Имя0","role":"admin"},"ip":"::1","details":{}}
{"id":"1772635646646bygpd","timestamp":"04.03.2026, 22:47:26","type":"ACTION","action":"PUT_REQUEST","message":"Успешный запрос на /api/users/profile/32","user":{"id":"32","name":"Имя0","role":"admin"},"ip":"::1","details":{}}
{"id":"17726357259819hpno","timestamp":"04.03.2026, 22:48:45","type":"ACTION","action":"POST_REQUEST","message":"Успешный запрос на /api/orders","user":{"id":"32","name":"Имя0","role":"admin"},"ip":"::1","details":{}}
{"id":"1772635725980y2rsw","timestamp":"04.03.2026, 22:48:45","type":"ACTION","action":"ORDER_CREATED","message":"Заказ #187 на сумму 3200 ₽","user":{"id":"32","name":"Имя0","role":"admin"},"ip":"::1","details":{}}
{"id":"1772635728203kb8p3","timestamp":"04.03.2026, 22:48:48","type":"ACTION","action":"POST_REQUEST","message":"Успешный запрос на /api/products/recent","user":{"id":"32","name":"Имя0","role":"admin"},"ip":"::1","details":{}}
{"id":"1772635976994gv0q3","timestamp":"04.03.2026, 22:52:56","type":"ACTION","action":"DELETE_REQUEST","message":"Успешный запрос на /api/admin/orders/187","user":{"id":"32","name":"Имя0","role":"admin"},"ip":"::1","details":{}}
{"id":"1772636003653nijvp","timestamp":"04.03.2026, 22:53:23","type":"ACTION","action":"ORDER_CREATED","message":"Заказ #188 на сумму 4000 ₽ (Доставка: 800 ₽)","user":{"id":"32","name":"Имя0","role":"admin"},"ip":"::1","details":{}}
{"id":"1772636003654kk4iw","timestamp":"04.03.2026, 22:53:23","type":"ACTION","action":"POST_REQUEST","message":"Успешный запрос на /api/orders","user":{"id":"32","name":"Имя0","role":"admin"},"ip":"::1","details":{}}
{"id":"1772636005899k7gfw","timestamp":"04.03.2026, 22:53:25","type":"ACTION","action":"POST_REQUEST","message":"Успешный запрос на /api/products/recent","user":{"id":"32","name":"Имя0","role":"admin"},"ip":"::1","details":{}}
{"id":"1772636019733mp90y","timestamp":"04.03.2026, 22:53:39","type":"ACTION","action":"PUT_REQUEST","message":"Успешный запрос на /api/admin/orders/188","user":{"id":"32","name":"Имя0","role":"admin"},"ip":"::1","details":{}}
{"id":"1772636034129bzf8x","timestamp":"04.03.2026, 22:53:54","type":"ACTION","action":"SEARCH","message":"Поиск по запросу: \"Моторные масла Bosch Premium\"","user":{"id":"32","name":"Имя0","role":"admin"},"ip":"::1","details":{}}
{"id":"17726360481856aaeq","timestamp":"04.03.2026, 22:54:08","type":"ACTION","action":"SEARCH","message":"Поиск по запросу: \"Тормозные колодки Brembo Premium\"","user":{"id":"32","name":"Имя0","role":"admin"},"ip":"::1","details":{}}
{"id":"1772637148352eok3o","timestamp":"04.03.2026, 23:12:28","type":"ACTION","action":"PUT_REQUEST","message":"Успешный запрос на /api/users/profile/32","user":{"id":"32","name":"Имя0","role":"admin"},"ip":"::1","details":{}}
{"id":"1772637178693gje0p","timestamp":"04.03.2026, 23:12:58","type":"ACTION","action":"DELETE_REQUEST","message":"Успешный запрос на /api/wishlist/31","user":{"id":"32","name":"Имя0","role":"admin"},"ip":"::1","details":{}}
{"id":"1772637196408bik0f","timestamp":"04.03.2026, 23:13:16","type":"ACTION","action":"POST_REQUEST","message":"Успешный запрос на /api/products/recent","user":{"id":"32","name":"Имя0","role":"admin"},"ip":"::1","details":{}}
{"id":"1772638097331t0dxw","timestamp":"04.03.2026, 23:28:17","type":"ACTION","action":"POST_REQUEST","message":"Успешный запрос на /api/products/recent","user":{"id":"32","name":"Имя0","role":"admin"},"ip":"::1","details":{}}
{"id":"17726393833101ocvu","timestamp":"04.03.2026, 23:49:43","type":"ACTION","action":"POST_REQUEST","message":"Успешный запрос на /api/products/recent","user":{"id":"32","name":"Имя0","role":"admin"},"ip":"::1","details":{}}
{"id":"1772642342129aaa1r","timestamp":"05.03.2026, 00:39:02","type":"ACTION","action":"POST_REQUEST","message":"Успешный запрос на /api/products/recent","user":{"id":"32","name":"Имя0","role":"admin"},"ip":"::1","details":{}}
{"id":"17726424174272b0qj","timestamp":"05.03.2026, 00:40:17","type":"ACTION","action":"POST_REQUEST","message":"Успешный запрос на /api/products/recent","user":{"id":"32","name":"Имя0","role":"admin"},"ip":"::1","details":{}}
{"id":"1772643144601p842f","timestamp":"05.03.2026, 00:52:24","type":"ACTION","action":"POST_REQUEST","message":"Успешный запрос на /api/products/recent","user":{"id":"32","name":"Имя0","role":"admin"},"ip":"::1","details":{}}
{"id":"17726468500556hq58","timestamp":"05.03.2026, 01:54:10","type":"ACTION","action":"POST_REQUEST","message":"Успешный запрос на /api/products/recent","user":{"id":"32","name":"Имя0","role":"admin"},"ip":"::1","details":{}}
{"id":"1772646855365yn7s9","timestamp":"05.03.2026, 01:54:15","type":"ACTION","action":"POST_REQUEST","message":"Успешный запрос на /api/products/recent","user":{"id":"32","name":"Имя0","role":"admin"},"ip":"::1","details":{}}
{"id":"1772646884416cy549","timestamp":"05.03.2026, 01:54:44","type":"ACTION","action":"POST_REQUEST","message":"Успешный запрос на /api/wishlist","user":{"id":"32","name":"Имя0","role":"admin"},"ip":"::1","details":{}}
{"id":"1772646892705tq6f7","timestamp":"05.03.2026, 01:54:52","type":"ACTION","action":"POST_REQUEST","message":"Успешный запрос на /api/products/recent","user":{"id":"32","name":"Имя0","role":"admin"},"ip":"::1","details":{}}
{"id":"1772647759754pg2ut","timestamp":"05.03.2026, 02:09:19","type":"ACTION","action":"POST_REQUEST","message":"Успешный запрос на /api/products/recent","user":{"id":"32","name":"Имя0","role":"admin"},"ip":"::1","details":{}}
{"id":"17726478807623p6qs","timestamp":"05.03.2026, 02:11:20","type":"ACTION","action":"PUT_REQUEST","message":"Успешный запрос на /api/users/profile/32","user":{"id":"32","name":"Имя0","role":"admin"},"ip":"::1","details":{}}
{"id":"1772647911597enb34","timestamp":"05.03.2026, 02:11:51","type":"ACTION","action":"POST_REQUEST","message":"Успешный запрос на /api/wishlist","user":{"id":"32","name":"Имя0","role":"admin"},"ip":"::1","details":{}}
{"id":"1772647947382cgm2d","timestamp":"05.03.2026, 02:12:27","type":"ACTION","action":"POST_REQUEST","message":"Успешный запрос на /api/products/recent","user":{"id":"32","name":"Имя0","role":"admin"},"ip":"::1","details":{}}
{"id":"1772708318609ee8l9","timestamp":"05.03.2026, 18:58:38","type":"ACTION","action":"POST_REQUEST","message":"Успешный запрос на /api/products/recent","user":{"id":"32","name":"Имя0","role":"admin"},"ip":"::1","details":{}}
{"id":"1772708322946qf6g6","timestamp":"05.03.2026, 18:58:42","type":"ACTION","action":"POST_REQUEST","message":"Успешный запрос на /api/products/recent","user":{"id":"32","name":"Имя0","role":"admin"},"ip":"::1","details":{}}
{"id":"17727083540484fcmu","timestamp":"05.03.2026, 18:59:14","type":"ACTION","action":"POST_REQUEST","message":"Успешный запрос на /api/products/recent","user":{"id":"32","name":"Имя0","role":"admin"},"ip":"::1","details":{}}
{"id":"1772708383193rlbv5","timestamp":"05.03.2026, 18:59:43","type":"ACTION","action":"POST_REQUEST","message":"Успешный запрос на /api/products/recent","user":{"id":"32","name":"Имя0","role":"admin"},"ip":"::1","details":{}}
{"id":"17727083923746ycdi","timestamp":"05.03.2026, 18:59:52","type":"ACTION","action":"POST_REQUEST","message":"Успешный запрос на /api/products/recent","user":{"id":"32","name":"Имя0","role":"admin"},"ip":"::1","details":{}}
{"id":"1772708405164xgvqt","timestamp":"05.03.2026, 19:00:05","type":"ACTION","action":"POST_REQUEST","message":"Успешный запрос на /api/wishlist","user":{"id":"32","name":"Имя0","role":"admin"},"ip":"::1","details":{}}
{"id":"1772708406571dlzm6","timestamp":"05.03.2026, 19:00:06","type":"ACTION","action":"DELETE_REQUEST","message":"Успешный запрос на /api/wishlist/32/62","user":{"id":"32","name":"Имя0","role":"admin"},"ip":"::1","details":{}}
{"id":"1772708406728gfoeg","timestamp":"05.03.2026, 19:00:06","type":"ACTION","action":"DELETE_REQUEST","message":"Успешный запрос на /api/wishlist/32/62","user":{"id":"32","name":"Имя0","role":"admin"},"ip":"::1","details":{}}
{"id":"1772708409885vs9qe","timestamp":"05.03.2026, 19:00:09","type":"ACTION","action":"POST_REQUEST","message":"Успешный запрос на /api/products/recent","user":{"id":"32","name":"Имя0","role":"admin"},"ip":"::1","details":{}}
{"id":"1772708411491ere7c","timestamp":"05.03.2026, 19:00:11","type":"ACTION","action":"POST_REQUEST","message":"Успешный запрос на /api/wishlist","user":{"id":"32","name":"Имя0","role":"admin"},"ip":"::1","details":{}}
{"id":"1772708427505fa7ed","timestamp":"05.03.2026, 19:00:27","type":"ACTION","action":"POST_REQUEST","message":"Успешный запрос на /api/products/recent","user":{"id":"32","name":"Имя0","role":"admin"},"ip":"::1","details":{}}
{"id":"17727084311549stp2","timestamp":"05.03.2026, 19:00:31","type":"ACTION","action":"DELETE_REQUEST","message":"Успешный запрос на /api/wishlist/32/62","user":{"id":"32","name":"Имя0","role":"admin"},"ip":"::1","details":{}}
{"id":"1772708432051fj934","timestamp":"05.03.2026, 19:00:32","type":"ACTION","action":"DELETE_REQUEST","message":"Успешный запрос на /api/wishlist/32/61","user":{"id":"32","name":"Имя0","role":"admin"},"ip":"::1","details":{}}
{"id":"1772708433770czde9","timestamp":"05.03.2026, 19:00:33","type":"ACTION","action":"POST_REQUEST","message":"Успешный запрос на /api/wishlist","user":{"id":"32","name":"Имя0","role":"admin"},"ip":"::1","details":{}}
{"id":"1772708436584rp399","timestamp":"05.03.2026, 19:00:36","type":"ACTION","action":"POST_REQUEST","message":"Успешный запрос на /api/products/recent","user":{"id":"32","name":"Имя0","role":"admin"},"ip":"::1","details":{}}
{"id":"1772708439043cj4fr","timestamp":"05.03.2026, 19:00:39","type":"ACTION","action":"POST_REQUEST","message":"Успешный запрос на /api/wishlist","user":{"id":"32","name":"Имя0","role":"admin"},"ip":"::1","details":{}}
{"id":"1772708442869scw8x","timestamp":"05.03.2026, 19:00:42","type":"ACTION","action":"DELETE_REQUEST","message":"Успешный запрос на /api/wishlist/65","user":{"id":"32","name":"Имя0","role":"admin"},"ip":"::1","details":{}}
{"id":"1772708443508ralaj","timestamp":"05.03.2026, 19:00:43","type":"ACTION","action":"DELETE_REQUEST","message":"Успешный запрос на /api/wishlist/66","user":{"id":"32","name":"Имя0","role":"admin"},"ip":"::1","details":{}}
{"id":"17727084447745nt65","timestamp":"05.03.2026, 19:00:44","type":"ACTION","action":"POST_REQUEST","message":"Успешный запрос на /api/products/recent","user":{"id":"32","name":"Имя0","role":"admin"},"ip":"::1","details":{}}
{"id":"177270844733196xx2","timestamp":"05.03.2026, 19:00:47","type":"ACTION","action":"POST_REQUEST","message":"Успешный запрос на /api/wishlist","user":{"id":"32","name":"Имя0","role":"admin"},"ip":"::1","details":{}}
{"id":"17727084493130jw1c","timestamp":"05.03.2026, 19:00:49","type":"ACTION","action":"DELETE_REQUEST","message":"Успешный запрос на /api/wishlist/32/120","user":{"id":"32","name":"Имя0","role":"admin"},"ip":"::1","details":{}}
{"id":"17727084817185wykk","timestamp":"05.03.2026, 19:01:21","type":"ACTION","action":"POST_REQUEST","message":"Успешный запрос на /api/products/recent","user":{"id":"32","name":"Имя0","role":"admin"},"ip":"::1","details":{}}
{"id":"1772708524361mwi4p","timestamp":"05.03.2026, 19:02:04","type":"ACTION","action":"POST_REQUEST","message":"Успешный запрос на /api/products/recent","user":{"id":"32","name":"Имя0","role":"admin"},"ip":"::1","details":{}}
{"id":"17727085304734is52","timestamp":"05.03.2026, 19:02:10","type":"ACTION","action":"POST_REQUEST","message":"Успешный запрос на /api/products/recent","user":{"id":"32","name":"Имя0","role":"admin"},"ip":"::1","details":{}}
{"id":"1772708539996nqpo6","timestamp":"05.03.2026, 19:02:19","type":"ACTION","action":"POST_REQUEST","message":"Успешный запрос на /api/products/recent","user":{"id":"32","name":"Имя0","role":"admin"},"ip":"::1","details":{}}
{"id":"1772708551639vx007","timestamp":"05.03.2026, 19:02:31","type":"ACTION","action":"POST_REQUEST","message":"Успешный запрос на /api/products/recent","user":{"id":"32","name":"Имя0","role":"admin"},"ip":"::1","details":{}}
{"id":"1772709145275ru6pf","timestamp":"05.03.2026, 19:12:25","type":"ACTION","action":"POST_REQUEST","message":"Успешный запрос на /api/products/recent","user":{"id":"32","name":"Имя0","role":"admin"},"ip":"::1","details":{}}
{"id":"17727093172419yotr","timestamp":"05.03.2026, 19:15:17","type":"ACTION","action":"POST_REQUEST","message":"Успешный запрос на /api/products/recent","user":{"id":"32","name":"Имя0","role":"admin"},"ip":"::1","details":{}}
{"id":"1772709331004jyqw9","timestamp":"05.03.2026, 19:15:31","type":"ACTION","action":"POST_REQUEST","message":"Успешный запрос на /api/products/recent","user":{"id":"32","name":"Имя0","role":"admin"},"ip":"::1","details":{}}
{"id":"1772709337046w2ec1","timestamp":"05.03.2026, 19:15:37","type":"ACTION","action":"PUT_REQUEST","message":"Успешный запрос на /api/users/profile/32","user":{"id":"32","name":"Имя0","role":"admin"},"ip":"::1","details":{}}
{"id":"1772709338451w0jae","timestamp":"05.03.2026, 19:15:38","type":"ACTION","action":"POST_REQUEST","message":"Успешный запрос на /api/products/recent","user":{"id":"32","name":"Имя0","role":"admin"},"ip":"::1","details":{}}
{"id":"1772709345703mb3d8","timestamp":"05.03.2026, 19:15:45","type":"ACTION","action":"POST_REQUEST","message":"Успешный запрос на /api/products/recent","user":{"id":"32","name":"Имя0","role":"admin"},"ip":"::1","details":{}}
{"id":"1772709348972wtszl","timestamp":"05.03.2026, 19:15:48","type":"ACTION","action":"POST_REQUEST","message":"Успешный запрос на /api/wishlist","user":{"id":"32","name":"Имя0","role":"admin"},"ip":"::1","details":{}}
{"id":"177270935035077idl","timestamp":"05.03.2026, 19:15:50","type":"ACTION","action":"DELETE_REQUEST","message":"Успешный запрос на /api/wishlist/32/61","user":{"id":"32","name":"Имя0","role":"admin"},"ip":"::1","details":{}}
{"id":"177270936716101511","timestamp":"05.03.2026, 19:16:07","type":"ACTION","action":"POST_REQUEST","message":"Успешный запрос на /api/products/recent","user":{"id":"32","name":"Имя0","role":"admin"},"ip":"::1","details":{}}
{"id":"1772709400703crj9s","timestamp":"05.03.2026, 19:16:40","type":"ACTION","action":"POST_REQUEST","message":"Успешный запрос на /api/products/recent","user":{"id":"32","name":"Имя0","role":"admin"},"ip":"::1","details":{}}
{"id":"1772709406112r8fwv","timestamp":"05.03.2026, 19:16:46","type":"ACTION","action":"POST_REQUEST","message":"Успешный запрос на /api/products/recent","user":{"id":"32","name":"Имя0","role":"admin"},"ip":"::1","details":{}}
{"id":"17727094102141fy4n","timestamp":"05.03.2026, 19:16:50","type":"ACTION","action":"PUT_REQUEST","message":"Успешный запрос на /api/users/profile/32","user":{"id":"32","name":"Имя0","role":"admin"},"ip":"::1","details":{}}
{"id":"17727094146268trhv","timestamp":"05.03.2026, 19:16:54","type":"ACTION","action":"POST_REQUEST","message":"Успешный запрос на /api/products/recent","user":{"id":"32","name":"Имя0","role":"admin"},"ip":"::1","details":{}}
{"id":"17727094171164gpg5","timestamp":"05.03.2026, 19:16:57","type":"ACTION","action":"POST_REQUEST","message":"Успешный запрос на /api/products/recent","user":{"id":"32","name":"Имя0","role":"admin"},"ip":"::1","details":{}}
{"id":"1772709426314tawvd","timestamp":"05.03.2026, 19:17:06","type":"ACTION","action":"POST_REQUEST","message":"Успешный запрос на /api/products/recent","user":{"id":"32","name":"Имя0","role":"admin"},"ip":"::1","details":{}}
{"id":"1772709427986tmmxr","timestamp":"05.03.2026, 19:17:07","type":"ACTION","action":"PUT_REQUEST","message":"Успешный запрос на /api/users/profile/32","user":{"id":"32","name":"Имя0","role":"admin"},"ip":"::1","details":{}}
{"id":"17727094287324n4wq","timestamp":"05.03.2026, 19:17:08","type":"ACTION","action":"POST_REQUEST","message":"Успешный запрос на /api/products/recent","user":{"id":"32","name":"Имя0","role":"admin"},"ip":"::1","details":{}}
{"id":"17727094296775n1y6","timestamp":"05.03.2026, 19:17:09","type":"ACTION","action":"POST_REQUEST","message":"Успешный запрос на /api/products/recent","user":{"id":"32","name":"Имя0","role":"admin"},"ip":"::1","details":{}}
{"id":"17727094391164mgsy","timestamp":"05.03.2026, 19:17:19","type":"ACTION","action":"POST_REQUEST","message":"Успешный запрос на /api/products/recent","user":{"id":"32","name":"Имя0","role":"admin"},"ip":"::1","details":{}}
{"id":"177270946109639apo","timestamp":"05.03.2026, 19:17:41","type":"ACTION","action":"POST_REQUEST","message":"Успешный запрос на /api/products/recent","user":{"id":"32","name":"Имя0","role":"admin"},"ip":"::1","details":{}}
{"id":"17727095477872pmps","timestamp":"05.03.2026, 19:19:07","type":"ACTION","action":"POST_REQUEST","message":"Успешный запрос на /api/products/recent","user":{"id":"32","name":"Имя0","role":"admin"},"ip":"::1","details":{}}
{"id":"17727095569651j6xo","timestamp":"05.03.2026, 19:19:16","type":"ACTION","action":"PUT_REQUEST","message":"Успешный запрос на /api/users/profile/32","user":{"id":"32","name":"Имя0","role":"admin"},"ip":"::1","details":{}}
{"id":"1772709558434zuhpx","timestamp":"05.03.2026, 19:19:18","type":"ACTION","action":"POST_REQUEST","message":"Успешный запрос на /api/products/recent","user":{"id":"32","name":"Имя0","role":"admin"},"ip":"::1","details":{}}
{"id":"17727123882621flfb","timestamp":"05.03.2026, 20:06:28","type":"ACTION","action":"POST_REQUEST","message":"Успешный запрос на /api/products/recent","user":{"id":"32","name":"Имя0","role":"admin"},"ip":"::1","details":{}}
{"id":"1772714923638t4ww6","timestamp":"05.03.2026, 20:48:43","type":"ACTION","action":"POST_REQUEST","message":"Успешный запрос на /api/products/recent","user":{"id":"32","name":"Имя0","role":"admin"},"ip":"::1","details":{}}
{"id":"1772715938436gkbez","timestamp":"05.03.2026, 21:05:38","type":"ACTION","action":"POST_REQUEST","message":"Успешный запрос на /api/products/recent","user":{"id":"32","name":"Имя0","role":"admin"},"ip":"::1","details":{}}
{"id":"1772715977724np8x9","timestamp":"05.03.2026, 21:06:17","type":"ACTION","action":"POST_REQUEST","message":"Успешный запрос на /api/products/recent","user":{"id":"32","name":"Имя0","role":"admin"},"ip":"::1","details":{}}
{"id":"177271597776052lob","timestamp":"05.03.2026, 21:06:17","type":"ACTION","action":"POST_REQUEST","message":"Успешный запрос на /api/products/recent","user":{"id":"32","name":"Имя0","role":"admin"},"ip":"::1","details":{}}
{"id":"17727162968544ymxs","timestamp":"05.03.2026, 21:11:36","type":"ACTION","action":"POST_REQUEST","message":"Успешный запрос на /api/products/recent","user":{"id":"32","name":"Имя0","role":"admin"},"ip":"::1","details":{}}
{"id":"1772716304634qhtan","timestamp":"05.03.2026, 21:11:44","type":"ACTION","action":"POST_REQUEST","message":"Успешный запрос на /api/products/recent","user":{"id":"32","name":"Имя0","role":"admin"},"ip":"::1","details":{}}
{"id":"17727163053701hriw","timestamp":"05.03.2026, 21:11:45","type":"ACTION","action":"SEARCH","message":"Поиск по запросу: \"Запчасть Тип 30 Bosch Standard\"","user":{"id":"32","name":"Имя0","role":"admin"},"ip":"::1","details":{}}
{"id":"1772716314171ncwl6","timestamp":"05.03.2026, 21:11:54","type":"ACTION","action":"SEARCH","message":"Поиск по запросу: \"За\"","user":{"id":"32","name":"Имя0","role":"admin"},"ip":"::1","details":{}}
{"id":"17727163145112yp63","timestamp":"05.03.2026, 21:11:54","type":"ACTION","action":"SEARCH","message":"Поиск по запросу: \"Зап\"","user":{"id":"32","name":"Имя0","role":"admin"},"ip":"::1","details":{}}
{"id":"1772716317306h66ik","timestamp":"05.03.2026, 21:11:57","type":"ACTION","action":"SEARCH","message":"Поиск по запросу: \"Запчас\"","user":{"id":"32","name":"Имя0","role":"admin"},"ip":"::1","details":{}}
{"id":"1772716324152nvb3m","timestamp":"05.03.2026, 21:12:04","type":"ACTION","action":"POST_REQUEST","message":"Успешный запрос на /api/products/recent","user":{"id":"32","name":"Имя0","role":"admin"},"ip":"::1","details":{}}
{"id":"1772716388594yn3p5","timestamp":"05.03.2026, 21:13:08","type":"ACTION","action":"SEARCH","message":"Поиск по запросу: \"Запчасть\"","user":{"id":"32","name":"Имя0","role":"admin"},"ip":"::1","details":{}}
{"id":"1772716470749tsli5","timestamp":"05.03.2026, 21:14:30","type":"ACTION","action":"POST_REQUEST","message":"Успешный запрос на /api/products/recent","user":{"id":"32","name":"Имя0","role":"admin"},"ip":"::1","details":{}}
{"id":"17727207705008n7gw","timestamp":"05.03.2026, 22:26:10","type":"ACTION","action":"LOGIN_SUCCESS","message":"Вход выполнен","user":{"id":"guest","name":"Аноним","role":"guest"},"ip":"::1","details":{}}
{"id":"1772720770519ifnks","timestamp":"05.03.2026, 22:26:10","type":"ACTION","action":"POST_REQUEST","message":"Успешный запрос на /api/users/login","user":{"id":"guest","name":"Аноним","role":"guest"},"ip":"::1","details":{}}
{"id":"17727217738869sc1j","timestamp":"05.03.2026, 22:42:53","type":"ACTION","action":"LOGIN_SUCCESS","message":"Вход выполнен","user":{"id":"guest","name":"Аноним","role":"guest"},"ip":"::1","details":{}}
{"id":"1772721773904pvnsm","timestamp":"05.03.2026, 22:42:53","type":"ACTION","action":"POST_REQUEST","message":"Успешный запрос на /api/users/login","user":{"id":"guest","name":"Аноним","role":"guest"},"ip":"::1","details":{}}
{"id":"1772722808960giulm","timestamp":"05.03.2026, 23:00:08","type":"ACTION","action":"POST_REQUEST","message":"Успешный запрос на /api/products/recent","user":{"id":"0d708470-19a0-4269-ab70-de8e8c381e1b","name":"Monss ChoGath","role":"user"},"ip":"::1","details":{}}
{"id":"1772722811761qymrr","timestamp":"05.03.2026, 23:00:11","type":"ACTION","action":"POST_REQUEST","message":"Успешный запрос на /api/products/recent","user":{"id":"0d708470-19a0-4269-ab70-de8e8c381e1b","name":"Monss ChoGath","role":"user"},"ip":"::1","details":{}}
{"id":"177272286974385xk1","timestamp":"05.03.2026, 23:01:09","type":"ACTION","action":"POST_REQUEST","message":"Успешный запрос на /api/users/login","user":{"id":"guest","name":"Аноним","role":"guest"},"ip":"::1","details":{}}
{"id":"1772722881155r0dil","timestamp":"05.03.2026, 23:01:21","type":"ACTION","action":"POST_REQUEST","message":"Успешный запрос на /api/products/recent","user":{"id":"seed_user_1","name":"Имя0","role":"admin"},"ip":"::1","details":{}}
{"id":"1772722942611jak1j","timestamp":"05.03.2026, 23:02:22","type":"ACTION","action":"POST_REQUEST","message":"Успешный запрос на /api/products/recent","user":{"id":"seed_user_1","name":"Имя0","role":"admin"},"ip":"::1","details":{}}
{"id":"1772722999643she9w","timestamp":"05.03.2026, 23:03:19","type":"ACTION","action":"POST_REQUEST","message":"Успешный запрос на /api/products/recent","user":{"id":"seed_user_1","name":"Имя0","role":"admin"},"ip":"::1","details":{}}
{"id":"1772723403299rx5h8","timestamp":"05.03.2026, 23:10:03","type":"ACTION","action":"POST_REQUEST","message":"Успешный запрос на /api/users/register","user":{"id":"guest","name":"Аноним","role":"guest"},"ip":"::1","details":{}}
{"id":"1772723687466woalb","timestamp":"05.03.2026, 23:14:47","type":"ACTION","action":"PUT_REQUEST","message":"Успешный запрос на /api/users/profile/c831410f-1d3f-4174-a507-63ddbd867e7d","user":{"id":"c831410f-1d3f-4174-a507-63ddbd867e7d","name":"Monss ChoGath","role":"user"},"ip":"::1","details":{}}
{"id":"1772723712986z41k6","timestamp":"05.03.2026, 23:15:12","type":"ACTION","action":"POST_REQUEST","message":"Успешный запрос на /api/orders","user":{"id":"c831410f-1d3f-4174-a507-63ddbd867e7d","name":"Monss ChoGath","role":"user"},"ip":"::1","details":{}}
{"id":"1772723713189n2l81","timestamp":"05.03.2026, 23:15:13","type":"ACTION","action":"POST_REQUEST","message":"Успешный запрос на /api/cards","user":{"id":"c831410f-1d3f-4174-a507-63ddbd867e7d","name":"Monss ChoGath","role":"user"},"ip":"::1","details":{}}
{"id":"1772724011639por3d","timestamp":"05.03.2026, 23:20:11","type":"ACTION","action":"PUT_REQUEST","message":"Успешный запрос на /api/users/profile/c831410f-1d3f-4174-a507-63ddbd867e7d","user":{"id":"c831410f-1d3f-4174-a507-63ddbd867e7d","name":"Monss ChoGath","role":"user"},"ip":"::1","details":{}}
{"id":"1772724015341z6j5h","timestamp":"05.03.2026, 23:20:15","type":"ACTION","action":"POST_REQUEST","message":"Успешный запрос на /api/products/recent","user":{"id":"c831410f-1d3f-4174-a507-63ddbd867e7d","name":"Monss ChoGath","role":"user"},"ip":"::1","details":{}}
{"id":"1772724119862wnwu8","timestamp":"05.03.2026, 23:21:59","type":"ACTION","action":"POST_REQUEST","message":"Успешный запрос на /api/wishlist","user":{"id":"c831410f-1d3f-4174-a507-63ddbd867e7d","name":"Monss ChoGath","role":"user"},"ip":"::1","details":{}}
{"id":"177272413460936gin","timestamp":"05.03.2026, 23:22:14","type":"ACTION","action":"POST_REQUEST","message":"Успешный запрос на /api/products/recent","user":{"id":"c831410f-1d3f-4174-a507-63ddbd867e7d","name":"Monss ChoGath","role":"user"},"ip":"::1","details":{}}
{"id":"1772724222423qljbq","timestamp":"05.03.2026, 23:23:42","type":"ACTION","action":"POST_REQUEST","message":"Успешный запрос на /api/products/recent","user":{"id":"c831410f-1d3f-4174-a507-63ddbd867e7d","name":"Monss ChoGath","role":"user"},"ip":"::1","details":{}}
{"id":"1772724259667wqo48","timestamp":"05.03.2026, 23:24:19","type":"ACTION","action":"POST_REQUEST","message":"Успешный запрос на /api/products/recent","user":{"id":"c831410f-1d3f-4174-a507-63ddbd867e7d","name":"Monss ChoGath","role":"user"},"ip":"::1","details":{}}
{"id":"1772724431941pgtcg","timestamp":"05.03.2026, 23:27:11","type":"ACTION","action":"DELETE_REQUEST","message":"Успешный запрос на /api/wishlist/c831410f-1d3f-4174-a507-63ddbd867e7d/1","user":{"id":"c831410f-1d3f-4174-a507-63ddbd867e7d","name":"Monss ChoGath","role":"user"},"ip":"::1","details":{}}
{"id":"1772724433035c1yc0","timestamp":"05.03.2026, 23:27:13","type":"ACTION","action":"POST_REQUEST","message":"Успешный запрос на /api/wishlist","user":{"id":"c831410f-1d3f-4174-a507-63ddbd867e7d","name":"Monss ChoGath","role":"user"},"ip":"::1","details":{}}
{"id":"1772724433330ob7xz","timestamp":"05.03.2026, 23:27:13","type":"ACTION","action":"DELETE_REQUEST","message":"Успешный запрос на /api/wishlist/c831410f-1d3f-4174-a507-63ddbd867e7d/1","user":{"id":"c831410f-1d3f-4174-a507-63ddbd867e7d","name":"Monss ChoGath","role":"user"},"ip":"::1","details":{}}
{"id":"17727251843341suk0","timestamp":"05.03.2026, 23:39:44","type":"ACTION","action":"PUT_REQUEST","message":"Успешный запрос на /api/users/profile/c831410f-1d3f-4174-a507-63ddbd867e7d","user":{"id":"c831410f-1d3f-4174-a507-63ddbd867e7d","name":"Monss ChoGath","role":"user"},"ip":"::1","details":{}}
{"id":"1772725194689311bc","timestamp":"05.03.2026, 23:39:54","type":"ACTION","action":"PUT_REQUEST","message":"Успешный запрос на /api/users/profile/c831410f-1d3f-4174-a507-63ddbd867e7d","user":{"id":"c831410f-1d3f-4174-a507-63ddbd867e7d","name":"Monss ChoGath","role":"user"},"ip":"::1","details":{}}
{"id":"177272523402689b2e","timestamp":"05.03.2026, 23:40:34","type":"ACTION","action":"PUT_REQUEST","message":"Успешный запрос на /api/users/profile/c831410f-1d3f-4174-a507-63ddbd867e7d","user":{"id":"c831410f-1d3f-4174-a507-63ddbd867e7d","name":"Monss ChoGath","role":"user"},"ip":"::1","details":{}}
{"id":"1772725234772sqebd","timestamp":"05.03.2026, 23:40:34","type":"ACTION","action":"PUT_REQUEST","message":"Успешный запрос на /api/users/profile/c831410f-1d3f-4174-a507-63ddbd867e7d","user":{"id":"c831410f-1d3f-4174-a507-63ddbd867e7d","name":"Monss ChoGath","role":"user"},"ip":"::1","details":{}}
{"id":"17727252617650sohb","timestamp":"05.03.2026, 23:41:01","type":"ACTION","action":"PUT_REQUEST","message":"Успешный запрос на /api/users/profile/c831410f-1d3f-4174-a507-63ddbd867e7d","user":{"id":"c831410f-1d3f-4174-a507-63ddbd867e7d","name":"Monss ChoGath","role":"user"},"ip":"::1","details":{}}
{"id":"1772725282270tzvqi","timestamp":"05.03.2026, 23:41:22","type":"ACTION","action":"PUT_REQUEST","message":"Успешный запрос на /api/users/profile/c831410f-1d3f-4174-a507-63ddbd867e7d","user":{"id":"c831410f-1d3f-4174-a507-63ddbd867e7d","name":"Monss ChoGath","role":"user"},"ip":"::1","details":{}}
{"id":"1772725416090kv0gv","timestamp":"05.03.2026, 23:43:36","type":"ACTION","action":"PUT_REQUEST","message":"Успешный запрос на /api/users/profile/c831410f-1d3f-4174-a507-63ddbd867e7d","user":{"id":"c831410f-1d3f-4174-a507-63ddbd867e7d","name":"Monss ChoGath","role":"user"},"ip":"::1","details":{}}
{"id":"1772725417003ulxil","timestamp":"05.03.2026, 23:43:37","type":"ACTION","action":"PUT_REQUEST","message":"Успешный запрос на /api/users/profile/c831410f-1d3f-4174-a507-63ddbd867e7d","user":{"id":"c831410f-1d3f-4174-a507-63ddbd867e7d","name":"Monss ChoGath","role":"user"},"ip":"::1","details":{}}
{"id":"1772727663119hs9tx","timestamp":"06.03.2026, 00:21:03","type":"ACTION","action":"POST_REQUEST","message":"Успешный запрос на /api/products/recent","user":{"id":"c831410f-1d3f-4174-a507-63ddbd867e7d","name":"Monss ChoGath","role":"user"},"ip":"::1","details":{}}
{"id":"1772727701306iwiyg","timestamp":"06.03.2026, 00:21:41","type":"ACTION","action":"POST_REQUEST","message":"Успешный запрос на /api/users/login","user":{"id":"guest","name":"Аноним","role":"guest"},"ip":"::1","details":{}}
{"id":"1772734071423v2zcu","timestamp":"06.03.2026, 02:07:51","type":"ACTION","action":"DELETE_REQUEST","message":"Успешный запрос на /api/admin/users/seed_user_9","user":{"id":"seed_user_1","name":"Имя0","role":"admin"},"ip":"::1","details":{}}
{"id":"1772734215871tjsf4","timestamp":"06.03.2026, 02:10:15","type":"ACTION","action":"PUT_REQUEST","message":"Успешный запрос на /api/admin/warehouses/50","user":{"id":"seed_user_1","name":"Имя0","role":"admin"},"ip":"::1","details":{}}
{"id":"1772734216135uzwf9","timestamp":"06.03.2026, 02:10:16","type":"ACTION","action":"PUT_REQUEST","message":"Успешный запрос на /api/admin/warehouses/50","user":{"id":"seed_user_1","name":"Имя0","role":"admin"},"ip":"::1","details":{}}
{"id":"1772734216462m4tmn","timestamp":"06.03.2026, 02:10:16","type":"ACTION","action":"PUT_REQUEST","message":"Успешный запрос на /api/admin/warehouses/50","user":{"id":"seed_user_1","name":"Имя0","role":"admin"},"ip":"::1","details":{}}
{"id":"17727342168493yoct","timestamp":"06.03.2026, 02:10:16","type":"ACTION","action":"PUT_REQUEST","message":"Успешный запрос на /api/admin/warehouses/50","user":{"id":"seed_user_1","name":"Имя0","role":"admin"},"ip":"::1","details":{}}
{"id":"1772734217166d8wpa","timestamp":"06.03.2026, 02:10:17","type":"ACTION","action":"PUT_REQUEST","message":"Успешный запрос на /api/admin/warehouses/50","user":{"id":"seed_user_1","name":"Имя0","role":"admin"},"ip":"::1","details":{}}
{"id":"1772734217551uyhr7","timestamp":"06.03.2026, 02:10:17","type":"ACTION","action":"PUT_REQUEST","message":"Успешный запрос на /api/admin/warehouses/50","user":{"id":"seed_user_1","name":"Имя0","role":"admin"},"ip":"::1","details":{}}
{"id":"1772734297361gm125","timestamp":"06.03.2026, 02:11:37","type":"ACTION","action":"POST_REQUEST","message":"Успешный запрос на /api/upload/brands","user":{"id":"seed_user_1","name":"Имя0","role":"admin"},"ip":"::1","details":{}}
{"id":"1772734298249yiscw","timestamp":"06.03.2026, 02:11:38","type":"ACTION","action":"PUT_REQUEST","message":"Успешный запрос на /api/admin/brands/30","user":{"id":"seed_user_1","name":"Имя0","role":"admin"},"ip":"::1","details":{}}
{"id":"1772734303153e30ni","timestamp":"06.03.2026, 02:11:43","type":"ACTION","action":"POST_REQUEST","message":"Успешный запрос на /api/upload/brands","user":{"id":"seed_user_1","name":"Имя0","role":"admin"},"ip":"::1","details":{}}
{"id":"1772734303500nyms6","timestamp":"06.03.2026, 02:11:43","type":"ACTION","action":"PUT_REQUEST","message":"Успешный запрос на /api/admin/brands/29","user":{"id":"seed_user_1","name":"Имя0","role":"admin"},"ip":"::1","details":{}}
{"id":"17727343205198og13","timestamp":"06.03.2026, 02:12:00","type":"ACTION","action":"POST_REQUEST","message":"Успешный запрос на /api/upload/brands","user":{"id":"seed_user_1","name":"Имя0","role":"admin"},"ip":"::1","details":{}}
{"id":"17727343207483js5p","timestamp":"06.03.2026, 02:12:00","type":"ACTION","action":"PUT_REQUEST","message":"Успешный запрос на /api/admin/brands/28","user":{"id":"seed_user_1","name":"Имя0","role":"admin"},"ip":"::1","details":{}}
{"id":"1772734540370srdju","timestamp":"06.03.2026, 02:15:40","type":"ACTION","action":"PUT_REQUEST","message":"Успешный запрос на /api/admin/reviews/30","user":{"id":"seed_user_1","name":"Имя0","role":"admin"},"ip":"::1","details":{}}
{"id":"1772734540691zqazd","timestamp":"06.03.2026, 02:15:40","type":"ACTION","action":"PUT_REQUEST","message":"Успешный запрос на /api/admin/reviews/30","user":{"id":"seed_user_1","name":"Имя0","role":"admin"},"ip":"::1","details":{}}
{"id":"1772734541075r4oe8","timestamp":"06.03.2026, 02:15:41","type":"ACTION","action":"PUT_REQUEST","message":"Успешный запрос на /api/admin/reviews/30","user":{"id":"seed_user_1","name":"Имя0","role":"admin"},"ip":"::1","details":{}}
{"id":"1772734542114q7o0o","timestamp":"06.03.2026, 02:15:42","type":"ACTION","action":"PUT_REQUEST","message":"Успешный запрос на /api/admin/reviews/30","user":{"id":"seed_user_1","name":"Имя0","role":"admin"},"ip":"::1","details":{}}
{"id":"1772734542756p3sq9","timestamp":"06.03.2026, 02:15:42","type":"ACTION","action":"PUT_REQUEST","message":"Успешный запрос на /api/admin/reviews/30","user":{"id":"seed_user_1","name":"Имя0","role":"admin"},"ip":"::1","details":{}}
{"id":"1772734543320g4k1i","timestamp":"06.03.2026, 02:15:43","type":"ACTION","action":"PUT_REQUEST","message":"Успешный запрос на /api/admin/reviews/30","user":{"id":"seed_user_1","name":"Имя0","role":"admin"},"ip":"::1","details":{}}
{"id":"17727345439619foru","timestamp":"06.03.2026, 02:15:43","type":"ACTION","action":"PUT_REQUEST","message":"Успешный запрос на /api/admin/reviews/30","user":{"id":"seed_user_1","name":"Имя0","role":"admin"},"ip":"::1","details":{}}
{"id":"1772734545617lwbz9","timestamp":"06.03.2026, 02:15:45","type":"ACTION","action":"PUT_REQUEST","message":"Успешный запрос на /api/admin/reviews/30","user":{"id":"seed_user_1","name":"Имя0","role":"admin"},"ip":"::1","details":{}}
{"id":"17727345485603hewo","timestamp":"06.03.2026, 02:15:48","type":"ACTION","action":"PUT_REQUEST","message":"Успешный запрос на /api/admin/reviews/30","user":{"id":"seed_user_1","name":"Имя0","role":"admin"},"ip":"::1","details":{}}
{"id":"1772734637120jhksi","timestamp":"06.03.2026, 02:17:17","type":"ACTION","action":"DELETE_REQUEST","message":"Успешный запрос на /api/admin/orders/90","user":{"id":"seed_user_1","name":"Имя0","role":"admin"},"ip":"::1","details":{}}
{"id":"17727348021142rubr","timestamp":"06.03.2026, 02:20:02","type":"ACTION","action":"PUT_REQUEST","message":"Успешный запрос на /api/admin/orders/89","user":{"id":"seed_user_1","name":"Имя0","role":"admin"},"ip":"::1","details":{}}
{"id":"177273480336344gwk","timestamp":"06.03.2026, 02:20:03","type":"ACTION","action":"PUT_REQUEST","message":"Успешный запрос на /api/admin/orders/89","user":{"id":"seed_user_1","name":"Имя0","role":"admin"},"ip":"::1","details":{}}
{"id":"1772735179322lei3i","timestamp":"06.03.2026, 02:26:19","type":"ACTION","action":"PUT_REQUEST","message":"Успешный запрос на /api/admin/brands/30","user":{"id":"seed_user_1","name":"Имя0","role":"admin"},"ip":"::1","details":{}}
{"id":"1772735181187l2qax","timestamp":"06.03.2026, 02:26:21","type":"ACTION","action":"PUT_REQUEST","message":"Успешный запрос на /api/admin/brands/30","user":{"id":"seed_user_1","name":"Имя0","role":"admin"},"ip":"::1","details":{}}
{"id":"1772735191221en9q0","timestamp":"06.03.2026, 02:26:31","type":"ACTION","action":"PUT_REQUEST","message":"Успешный запрос на /api/admin/orders/91","user":{"id":"seed_user_1","name":"Имя0","role":"admin"},"ip":"::1","details":{}}
{"id":"1772735192429v39bo","timestamp":"06.03.2026, 02:26:32","type":"ACTION","action":"PUT_REQUEST","message":"Успешный запрос на /api/admin/orders/91","user":{"id":"seed_user_1","name":"Имя0","role":"admin"},"ip":"::1","details":{}}
{"id":"1772735193943c907l","timestamp":"06.03.2026, 02:26:33","type":"ACTION","action":"PUT_REQUEST","message":"Успешный запрос на /api/admin/orders/91","user":{"id":"seed_user_1","name":"Имя0","role":"admin"},"ip":"::1","details":{}}
{"id":"177273521461435zf4","timestamp":"06.03.2026, 02:26:54","type":"ACTION","action":"PUT_REQUEST","message":"Успешный запрос на /api/admin/products/60","user":{"id":"seed_user_1","name":"Имя0","role":"admin"},"ip":"::1","details":{}}
{"id":"17727352238559rgoc","timestamp":"06.03.2026, 02:27:03","type":"ACTION","action":"PUT_REQUEST","message":"Успешный запрос на /api/admin/products/59","user":{"id":"seed_user_1","name":"Имя0","role":"admin"},"ip":"::1","details":{}}
{"id":"17727352285602vyf7","timestamp":"06.03.2026, 02:27:08","type":"ACTION","action":"PUT_REQUEST","message":"Успешный запрос на /api/admin/products/58","user":{"id":"seed_user_1","name":"Имя0","role":"admin"},"ip":"::1","details":{}}
{"id":"1772740353952fcb26","timestamp":"06.03.2026, 03:52:33","type":"ACTION","action":"POST_REQUEST","message":"Успешный запрос на /api/users/login","user":{"id":"guest","name":"Аноним","role":"guest"},"ip":"::1","details":{}}
{"id":"1773576217184dwu7j","timestamp":"15.03.2026, 20:03:37","type":"ACTION","action":"POST_REQUEST","message":"Успешный запрос на /api/products/recent","user":{"id":"seed_user_1","name":"Иван","role":"admin"},"ip":"::1","details":{}}
{"id":"1773576218698pvire","timestamp":"15.03.2026, 20:03:38","type":"ACTION","action":"POST_REQUEST","message":"Успешный запрос на /api/products/recent","user":{"id":"seed_user_1","name":"Иван","role":"admin"},"ip":"::1","details":{}}
{"id":"1773576548598uzi4m","timestamp":"15.03.2026, 20:09:08","type":"ACTION","action":"POST_REQUEST","message":"Успешный запрос на /api/products/recent","user":{"id":"guest","name":"Аноним","role":"guest"},"ip":"::1","details":{}}
{"id":"17735765503699igxw","timestamp":"15.03.2026, 20:09:10","type":"ACTION","action":"POST_REQUEST","message":"Успешный запрос на /api/products/recent","user":{"id":"guest","name":"Аноним","role":"guest"},"ip":"::1","details":{}}
{"id":"1773576823474q655v","timestamp":"15.03.2026, 20:13:43","type":"ACTION","action":"POST_REQUEST","message":"Успешный запрос на /api/products/recent","user":{"id":"guest","name":"Аноним","role":"guest"},"ip":"::1","details":{}}
{"id":"1773576830213t5npp","timestamp":"15.03.2026, 20:13:50","type":"ACTION","action":"POST_REQUEST","message":"Успешный запрос на /api/products/recent","user":{"id":"guest","name":"Аноним","role":"guest"},"ip":"::1","details":{}}
{"id":"17735768372436c2n1","timestamp":"15.03.2026, 20:13:57","type":"ACTION","action":"POST_REQUEST","message":"Успешный запрос на /api/products/recent","user":{"id":"guest","name":"Аноним","role":"guest"},"ip":"::1","details":{}}
{"id":"1773577347548thj8h","timestamp":"15.03.2026, 20:22:27","type":"ACTION","action":"POST_REQUEST","message":"Успешный запрос на /api/products/recent","user":{"id":"guest","name":"Аноним","role":"guest"},"ip":"::1","details":{}}
{"id":"17735780492695js44","timestamp":"15.03.2026, 20:34:09","type":"ACTION","action":"POST_REQUEST","message":"Успешный запрос на /api/products/recent","user":{"id":"guest","name":"Аноним","role":"guest"},"ip":"::1","details":{}}
{"id":"177357805250479ygb","timestamp":"15.03.2026, 20:34:12","type":"ACTION","action":"POST_REQUEST","message":"Успешный запрос на /api/products/recent","user":{"id":"guest","name":"Аноним","role":"guest"},"ip":"::1","details":{}}
{"id":"17735780621144dovw","timestamp":"15.03.2026, 20:34:22","type":"ACTION","action":"POST_REQUEST","message":"Успешный запрос на /api/products/recent","user":{"id":"guest","name":"Аноним","role":"guest"},"ip":"::1","details":{}}
{"id":"1773580055019p8b5i","timestamp":"15.03.2026, 21:07:35","type":"ACTION","action":"POST_REQUEST","message":"Успешный запрос на /api/products/recent","user":{"id":"guest","name":"Аноним","role":"guest"},"ip":"::1","details":{}}
{"id":"17735800632993sblb","timestamp":"15.03.2026, 21:07:43","type":"ACTION","action":"POST_REQUEST","message":"Успешный запрос на /api/products/recent","user":{"id":"guest","name":"Аноним","role":"guest"},"ip":"::1","details":{}}
{"id":"17735800753052e6ew","timestamp":"15.03.2026, 21:07:55","type":"ACTION","action":"POST_REQUEST","message":"Успешный запрос на /api/products/recent","user":{"id":"guest","name":"Аноним","role":"guest"},"ip":"::1","details":{}}
{"id":"1773580078110x6z7p","timestamp":"15.03.2026, 21:07:58","type":"ACTION","action":"POST_REQUEST","message":"Успешный запрос на /api/products/recent","user":{"id":"guest","name":"Аноним","role":"guest"},"ip":"::1","details":{}}
{"id":"1773580258477cq5bt","timestamp":"15.03.2026, 21:10:58","type":"ACTION","action":"POST_REQUEST","message":"Успешный запрос на /api/products/recent","user":{"id":"guest","name":"Аноним","role":"guest"},"ip":"::1","details":{}}
{"id":"1773580273496u6qul","timestamp":"15.03.2026, 21:11:13","type":"ACTION","action":"POST_REQUEST","message":"Успешный запрос на /api/products/recent","user":{"id":"guest","name":"Аноним","role":"guest"},"ip":"::1","details":{}}
{"id":"1773580810851nn42v","timestamp":"15.03.2026, 21:20:10","type":"ACTION","action":"POST_REQUEST","message":"Успешный запрос на /api/products/recent","user":{"id":"guest","name":"Аноним","role":"guest"},"ip":"::1","details":{}}
{"id":"1773580816456qq6m0","timestamp":"15.03.2026, 21:20:16","type":"ACTION","action":"POST_REQUEST","message":"Успешный запрос на /api/products/recent","user":{"id":"guest","name":"Аноним","role":"guest"},"ip":"::1","details":{}}
{"id":"17735808278465lbwb","timestamp":"15.03.2026, 21:20:27","type":"ACTION","action":"POST_REQUEST","message":"Успешный запрос на /api/products/recent","user":{"id":"guest","name":"Аноним","role":"guest"},"ip":"::1","details":{}}
{"id":"1773581165473mkrn4","timestamp":"15.03.2026, 21:26:05","type":"ACTION","action":"POST_REQUEST","message":"Успешный запрос на /api/products/recent","user":{"id":"guest","name":"Аноним","role":"guest"},"ip":"::1","details":{}}
{"id":"17735811910998wuy1","timestamp":"15.03.2026, 21:26:31","type":"ACTION","action":"POST_REQUEST","message":"Успешный запрос на /api/products/recent","user":{"id":"guest","name":"Аноним","role":"guest"},"ip":"::1","details":{}}
{"id":"17735811948011ypqo","timestamp":"15.03.2026, 21:26:34","type":"ACTION","action":"POST_REQUEST","message":"Успешный запрос на /api/products/recent","user":{"id":"guest","name":"Аноним","role":"guest"},"ip":"::1","details":{}}
{"id":"1773581607927tlepk","timestamp":"15.03.2026, 21:33:27","type":"ACTION","action":"POST_REQUEST","message":"Успешный запрос на /api/products/recent","user":{"id":"guest","name":"Аноним","role":"guest"},"ip":"::1","details":{}}
{"id":"1773581620324n87cu","timestamp":"15.03.2026, 21:33:40","type":"ACTION","action":"POST_REQUEST","message":"Успешный запрос на /api/products/recent","user":{"id":"guest","name":"Аноним","role":"guest"},"ip":"::1","details":{}}
{"id":"1773581635634awycu","timestamp":"15.03.2026, 21:33:55","type":"ACTION","action":"POST_REQUEST","message":"Успешный запрос на /api/products/recent","user":{"id":"guest","name":"Аноним","role":"guest"},"ip":"::1","details":{}}
{"id":"1773581789416l2qon","timestamp":"15.03.2026, 21:36:29","type":"ACTION","action":"POST_REQUEST","message":"Успешный запрос на /api/products/recent","user":{"id":"guest","name":"Аноним","role":"guest"},"ip":"::1","details":{}}
{"id":"1773582220187rk1yd","timestamp":"15.03.2026, 21:43:40","type":"ACTION","action":"POST_REQUEST","message":"Успешный запрос на /api/products/recent","user":{"id":"guest","name":"Аноним","role":"guest"},"ip":"::1","details":{}}
{"id":"1773582229548xs574","timestamp":"15.03.2026, 21:43:49","type":"ACTION","action":"POST_REQUEST","message":"Успешный запрос на /api/products/recent","user":{"id":"guest","name":"Аноним","role":"guest"},"ip":"::1","details":{}}
{"id":"1773582546389g5ru5","timestamp":"15.03.2026, 21:49:06","type":"ACTION","action":"POST_REQUEST","message":"Успешный запрос на /api/products/recent","user":{"id":"guest","name":"Аноним","role":"guest"},"ip":"::1","details":{}}
{"id":"17735825542281cwyi","timestamp":"15.03.2026, 21:49:14","type":"ACTION","action":"POST_REQUEST","message":"Успешный запрос на /api/products/recent","user":{"id":"guest","name":"Аноним","role":"guest"},"ip":"::1","details":{}}
{"id":"1773582557795lu4i2","timestamp":"15.03.2026, 21:49:17","type":"ACTION","action":"SEARCH","message":"Поиск по запросу: \"За\"","user":{"id":"guest","name":"Аноним","role":"guest"},"ip":"::1","details":{}}
{"id":"1773582563094y0m3j","timestamp":"15.03.2026, 21:49:23","type":"ACTION","action":"SEARCH","message":"Поиск по запросу: \"Заз\"","user":{"id":"guest","name":"Аноним","role":"guest"},"ip":"::1","details":{}}
{"id":"1773582563362c333f","timestamp":"15.03.2026, 21:49:23","type":"ACTION","action":"SEARCH","message":"Поиск по запросу: \"Зазп\"","user":{"id":"guest","name":"Аноним","role":"guest"},"ip":"::1","details":{}}
{"id":"17735825636634j0hs","timestamp":"15.03.2026, 21:49:23","type":"ACTION","action":"SEARCH","message":"Поиск по запросу: \"Зазпч\"","user":{"id":"guest","name":"Аноним","role":"guest"},"ip":"::1","details":{}}
{"id":"1773582564020o0b9y","timestamp":"15.03.2026, 21:49:24","type":"ACTION","action":"SEARCH","message":"Поиск по запросу: \"Зазпча\"","user":{"id":"guest","name":"Аноним","role":"guest"},"ip":"::1","details":{}}
{"id":"1773582564333mid4d","timestamp":"15.03.2026, 21:49:24","type":"ACTION","action":"SEARCH","message":"Поиск по запросу: \"Зазпч\"","user":{"id":"guest","name":"Аноним","role":"guest"},"ip":"::1","details":{}}
{"id":"1773582566438inttc","timestamp":"15.03.2026, 21:49:26","type":"ACTION","action":"SEARCH","message":"Поиск по запросу: \"Эле\"","user":{"id":"guest","name":"Аноним","role":"guest"},"ip":"::1","details":{}}
{"id":"1773582568157s1izm","timestamp":"15.03.2026, 21:49:28","type":"ACTION","action":"SEARCH","message":"Поиск по запросу: \"Элек\"","user":{"id":"guest","name":"Аноним","role":"guest"},"ip":"::1","details":{}}
{"id":"1773582570584484jf","timestamp":"15.03.2026, 21:49:30","type":"ACTION","action":"SEARCH","message":"Поиск по запросу: \"Элект\"","user":{"id":"guest","name":"Аноним","role":"guest"},"ip":"::1","details":{}}
{"id":"1773582578739la3cv","timestamp":"15.03.2026, 21:49:38","type":"ACTION","action":"SEARCH","message":"Поиск по запросу: \"Элек\"","user":{"id":"guest","name":"Аноним","role":"guest"},"ip":"::1","details":{}}
{"id":"1773582580488pfgce","timestamp":"15.03.2026, 21:49:40","type":"ACTION","action":"SEARCH","message":"Поиск по запросу: \"Дви\"","user":{"id":"guest","name":"Аноним","role":"guest"},"ip":"::1","details":{}}
{"id":"17735825811928az8n","timestamp":"15.03.2026, 21:49:41","type":"ACTION","action":"SEARCH","message":"Поиск по запросу: \"Двига\"","user":{"id":"guest","name":"Аноним","role":"guest"},"ip":"::1","details":{}}
{"id":"1773582595758bfaye","timestamp":"15.03.2026, 21:49:55","type":"ACTION","action":"POST_REQUEST","message":"Успешный запрос на /api/products/recent","user":{"id":"guest","name":"Аноним","role":"guest"},"ip":"::1","details":{}}
{"id":"17735825981942fvtr","timestamp":"15.03.2026, 21:49:58","type":"ACTION","action":"SEARCH","message":"Поиск по запросу: \"Два\"","user":{"id":"guest","name":"Аноним","role":"guest"},"ip":"::1","details":{}}
{"id":"1773582599097rx9uj","timestamp":"15.03.2026, 21:49:59","type":"ACTION","action":"SEARCH","message":"Поиск по запросу: \"Дви\"","user":{"id":"guest","name":"Аноним","role":"guest"},"ip":"::1","details":{}}
{"id":"1773582605318b3gbt","timestamp":"15.03.2026, 21:50:05","type":"ACTION","action":"POST_REQUEST","message":"Успешный запрос на /api/products/recent","user":{"id":"guest","name":"Аноним","role":"guest"},"ip":"::1","details":{}}
{"id":"1773582606779kkny2","timestamp":"15.03.2026, 21:50:06","type":"ACTION","action":"SEARCH","message":"Поиск по запросу: \"Двиг\"","user":{"id":"guest","name":"Аноним","role":"guest"},"ip":"::1","details":{}}
{"id":"177358260716867n0v","timestamp":"15.03.2026, 21:50:07","type":"ACTION","action":"SEARCH","message":"Поиск по запросу: \"Дви\"","user":{"id":"guest","name":"Аноним","role":"guest"},"ip":"::1","details":{}}
{"id":"1773582626671yu2ar","timestamp":"15.03.2026, 21:50:26","type":"ACTION","action":"POST_REQUEST","message":"Успешный запрос на /api/products/recent","user":{"id":"guest","name":"Аноним","role":"guest"},"ip":"::1","details":{}}
{"id":"1773582873413lfzgs","timestamp":"15.03.2026, 21:54:33","type":"ACTION","action":"POST_REQUEST","message":"Успешный запрос на /api/products/recent","user":{"id":"guest","name":"Аноним","role":"guest"},"ip":"::1","details":{}}
{"id":"1773582874923k1741","timestamp":"15.03.2026, 21:54:34","type":"ACTION","action":"SEARCH","message":"Поиск по запросу: \"Зап\"","user":{"id":"guest","name":"Аноним","role":"guest"},"ip":"::1","details":{}}
{"id":"1773582876422ftlwo","timestamp":"15.03.2026, 21:54:36","type":"ACTION","action":"SEARCH","message":"Поиск по запросу: \"Запч\"","user":{"id":"guest","name":"Аноним","role":"guest"},"ip":"::1","details":{}}
{"id":"1773582879141gs4v6","timestamp":"15.03.2026, 21:54:39","type":"ACTION","action":"SEARCH","message":"Поиск по запросу: \"двига\"","user":{"id":"guest","name":"Аноним","role":"guest"},"ip":"::1","details":{}}
{"id":"1773582882607y9txp","timestamp":"15.03.2026, 21:54:42","type":"ACTION","action":"POST_REQUEST","message":"Успешный запрос на /api/products/recent","user":{"id":"guest","name":"Аноним","role":"guest"},"ip":"::1","details":{}}
{"id":"17735835023729h2jl","timestamp":"15.03.2026, 22:05:02","type":"ACTION","action":"POST_REQUEST","message":"Успешный запрос на /api/products/recent","user":{"id":"guest","name":"Аноним","role":"guest"},"ip":"::1","details":{}}
{"id":"17735836609429y8hv","timestamp":"15.03.2026, 22:07:40","type":"ACTION","action":"POST_REQUEST","message":"Успешный запрос на /api/users/login","user":{"id":"guest","name":"Аноним","role":"guest"},"ip":"::1","details":{}}
{"id":"1773583662335ep5td","timestamp":"15.03.2026, 22:07:42","type":"ACTION","action":"POST_REQUEST","message":"Успешный запрос на /api/products/recent","user":{"id":"user_uuid_1","name":"Имя1","role":"admin"},"ip":"::1","details":{}}
{"id":"1773583677308me320","timestamp":"15.03.2026, 22:07:57","type":"ACTION","action":"PUT_REQUEST","message":"Успешный запрос на /api/users/profile/user_uuid_1","user":{"id":"user_uuid_1","name":"Имя1","role":"admin"},"ip":"::1","details":{}}
{"id":"1773583677809n2r0z","timestamp":"15.03.2026, 22:07:57","type":"ACTION","action":"POST_REQUEST","message":"Успешный запрос на /api/products/recent","user":{"id":"user_uuid_1","name":"Имя1","role":"admin"},"ip":"::1","details":{}}
{"id":"1773583684005nufh3","timestamp":"15.03.2026, 22:08:04","type":"ACTION","action":"PUT_REQUEST","message":"Успешный запрос на /api/users/profile/user_uuid_1","user":{"id":"user_uuid_1","name":"Имя1","role":"admin"},"ip":"::1","details":{}}
{"id":"17735836845160pflz","timestamp":"15.03.2026, 22:08:04","type":"ACTION","action":"POST_REQUEST","message":"Успешный запрос на /api/products/recent","user":{"id":"user_uuid_1","name":"Имя1","role":"admin"},"ip":"::1","details":{}}
{"id":"1773583687404t8ka8","timestamp":"15.03.2026, 22:08:07","type":"ACTION","action":"PUT_REQUEST","message":"Успешный запрос на /api/users/profile/user_uuid_1","user":{"id":"user_uuid_1","name":"Имя1","role":"admin"},"ip":"::1","details":{}}
{"id":"1773583688005ttgk4","timestamp":"15.03.2026, 22:08:08","type":"ACTION","action":"POST_REQUEST","message":"Успешный запрос на /api/products/recent","user":{"id":"user_uuid_1","name":"Имя1","role":"admin"},"ip":"::1","details":{}}
{"id":"1773583700335m5kvj","timestamp":"15.03.2026, 22:08:20","type":"ACTION","action":"POST_REQUEST","message":"Успешный запрос на /api/products/recent","user":{"id":"user_uuid_1","name":"Имя1","role":"admin"},"ip":"::1","details":{}}
{"id":"1773583709943nhfws","timestamp":"15.03.2026, 22:08:29","type":"ACTION","action":"POST_REQUEST","message":"Успешный запрос на /api/products/recent","user":{"id":"user_uuid_1","name":"Имя1","role":"admin"},"ip":"::1","details":{}}
{"id":"1773583939157urg2y","timestamp":"15.03.2026, 22:12:19","type":"ACTION","action":"POST_REQUEST","message":"Успешный запрос на /api/products/recent","user":{"id":"user_uuid_1","name":"Имя1","role":"admin"},"ip":"::1","details":{}}
{"id":"1773584043334bdfdy","timestamp":"15.03.2026, 22:14:03","type":"ACTION","action":"POST_REQUEST","message":"Успешный запрос на /api/products/recent","user":{"id":"user_uuid_1","name":"Имя1","role":"admin"},"ip":"::1","details":{}}
{"id":"1773584167870eumg6","timestamp":"15.03.2026, 22:16:07","type":"ACTION","action":"SEARCH","message":"Поиск по запросу: \"Дв\"","user":{"id":"user_uuid_1","name":"Имя1","role":"admin"},"ip":"::1","details":{}}
{"id":"1773584168215kg02r","timestamp":"15.03.2026, 22:16:08","type":"ACTION","action":"SEARCH","message":"Поиск по запросу: \"Дви\"","user":{"id":"user_uuid_1","name":"Имя1","role":"admin"},"ip":"::1","details":{}}
{"id":"1773584172459w7kis","timestamp":"15.03.2026, 22:16:12","type":"ACTION","action":"POST_REQUEST","message":"Успешный запрос на /api/products/recent","user":{"id":"user_uuid_1","name":"Имя1","role":"admin"},"ip":"::1","details":{}}
{"id":"177358417650249f35","timestamp":"15.03.2026, 22:16:16","type":"ACTION","action":"POST_REQUEST","message":"Успешный запрос на /api/products/recent","user":{"id":"user_uuid_1","name":"Имя1","role":"admin"},"ip":"::1","details":{}}
{"id":"1773584324918ody1z","timestamp":"15.03.2026, 22:18:44","type":"ACTION","action":"POST_REQUEST","message":"Успешный запрос на /api/products/recent","user":{"id":"user_uuid_1","name":"Имя1","role":"admin"},"ip":"::1","details":{}}
{"id":"17735843494298tiy7","timestamp":"15.03.2026, 22:19:09","type":"ACTION","action":"POST_REQUEST","message":"Успешный запрос на /api/products/recent","user":{"id":"user_uuid_1","name":"Имя1","role":"admin"},"ip":"::1","details":{}}
{"id":"1773584637592fbtko","timestamp":"15.03.2026, 22:23:57","type":"ACTION","action":"POST_REQUEST","message":"Успешный запрос на /api/products/recent","user":{"id":"user_uuid_1","name":"Имя1","role":"admin"},"ip":"::1","details":{}}
{"id":"1773584700140oloks","timestamp":"15.03.2026, 22:25:00","type":"ACTION","action":"POST_REQUEST","message":"Успешный запрос на /api/products/recent","user":{"id":"user_uuid_1","name":"Имя1","role":"admin"},"ip":"::1","details":{}}
{"id":"1773584718400w395x","timestamp":"15.03.2026, 22:25:18","type":"ACTION","action":"POST_REQUEST","message":"Успешный запрос на /api/products/recent","user":{"id":"user_uuid_1","name":"Имя1","role":"admin"},"ip":"::1","details":{}}
{"id":"1773584734651vrwyh","timestamp":"15.03.2026, 22:25:34","type":"ACTION","action":"POST_REQUEST","message":"Успешный запрос на /api/products/recent","user":{"id":"user_uuid_1","name":"Имя1","role":"admin"},"ip":"::1","details":{}}
{"id":"1773585252483tc66l","timestamp":"15.03.2026, 22:34:12","type":"ACTION","action":"POST_REQUEST","message":"Успешный запрос на /api/products/recent","user":{"id":"user_uuid_1","name":"Имя1","role":"admin"},"ip":"::1","details":{}}
{"id":"1773585261175q25r8","timestamp":"15.03.2026, 22:34:21","type":"ACTION","action":"POST_REQUEST","message":"Успешный запрос на /api/products/recent","user":{"id":"user_uuid_1","name":"Имя1","role":"admin"},"ip":"::1","details":{}}
{"id":"1773585266372chnop","timestamp":"15.03.2026, 22:34:26","type":"ACTION","action":"SEARCH","message":"Поиск по запросу: \"Де\"","user":{"id":"user_uuid_1","name":"Имя1","role":"admin"},"ip":"::1","details":{}}
{"id":"1773585331922nauqf","timestamp":"15.03.2026, 22:35:31","type":"ACTION","action":"POST_REQUEST","message":"Успешный запрос на /api/products/recent","user":{"id":"user_uuid_1","name":"Имя1","role":"admin"},"ip":"::1","details":{}}
{"id":"17735855926970vq0k","timestamp":"15.03.2026, 22:39:52","type":"ACTION","action":"POST_REQUEST","message":"Успешный запрос на /api/products/recent","user":{"id":"user_uuid_1","name":"Имя1","role":"admin"},"ip":"::1","details":{}}
{"id":"1773585602101f4tjj","timestamp":"15.03.2026, 22:40:02","type":"ACTION","action":"POST_REQUEST","message":"Успешный запрос на /api/products/recent","user":{"id":"user_uuid_1","name":"Имя1","role":"admin"},"ip":"::1","details":{}}
{"id":"1773585620897qkdtx","timestamp":"15.03.2026, 22:40:20","type":"ACTION","action":"POST_REQUEST","message":"Успешный запрос на /api/products/recent","user":{"id":"user_uuid_1","name":"Имя1","role":"admin"},"ip":"::1","details":{}}
{"id":"1773585633149lkfks","timestamp":"15.03.2026, 22:40:33","type":"ACTION","action":"POST_REQUEST","message":"Успешный запрос на /api/products/recent","user":{"id":"user_uuid_1","name":"Имя1","role":"admin"},"ip":"::1","details":{}}
{"id":"1773585674117nnenm","timestamp":"15.03.2026, 22:41:14","type":"ACTION","action":"POST_REQUEST","message":"Успешный запрос на /api/products/recent","user":{"id":"user_uuid_1","name":"Имя1","role":"admin"},"ip":"::1","details":{}}
{"id":"17735856794784xd92","timestamp":"15.03.2026, 22:41:19","type":"ACTION","action":"POST_REQUEST","message":"Успешный запрос на /api/products/recent","user":{"id":"user_uuid_1","name":"Имя1","role":"admin"},"ip":"::1","details":{}}
{"id":"1773585681394n450l","timestamp":"15.03.2026, 22:41:21","type":"ACTION","action":"POST_REQUEST","message":"Успешный запрос на /api/products/recent","user":{"id":"user_uuid_1","name":"Имя1","role":"admin"},"ip":"::1","details":{}}
{"id":"17735856871647s4j7","timestamp":"15.03.2026, 22:41:27","type":"ACTION","action":"POST_REQUEST","message":"Успешный запрос на /api/products/recent","user":{"id":"user_uuid_1","name":"Имя1","role":"admin"},"ip":"::1","details":{}}
{"id":"17735856945214phja","timestamp":"15.03.2026, 22:41:34","type":"ACTION","action":"POST_REQUEST","message":"Успешный запрос на /api/products/recent","user":{"id":"user_uuid_1","name":"Имя1","role":"admin"},"ip":"::1","details":{}}
{"id":"1773585705851vkvne","timestamp":"15.03.2026, 22:41:45","type":"ACTION","action":"POST_REQUEST","message":"Успешный запрос на /api/products/recent","user":{"id":"user_uuid_1","name":"Имя1","role":"admin"},"ip":"::1","details":{}}
{"id":"1773585759918k2d75","timestamp":"15.03.2026, 22:42:39","type":"ACTION","action":"SEARCH","message":"Поиск по запросу: \"О на\"","user":{"id":"user_uuid_1","name":"Имя1","role":"admin"},"ip":"::1","details":{}}
{"id":"1773585760054az82j","timestamp":"15.03.2026, 22:42:40","type":"ACTION","action":"SEARCH","message":"Поиск по запросу: \"О нас\"","user":{"id":"user_uuid_1","name":"Имя1","role":"admin"},"ip":"::1","details":{}}
{"id":"1773585767381uggwy","timestamp":"15.03.2026, 22:42:47","type":"ACTION","action":"SEARCH","message":"Поиск по запросу: \"Кон\"","user":{"id":"user_uuid_1","name":"Имя1","role":"admin"},"ip":"::1","details":{}}
{"id":"17735857703263fxhv","timestamp":"15.03.2026, 22:42:50","type":"ACTION","action":"SEARCH","message":"Поиск по запросу: \"Ко\"","user":{"id":"user_uuid_1","name":"Имя1","role":"admin"},"ip":"::1","details":{}}
{"id":"1773585771622zu7ek","timestamp":"15.03.2026, 22:42:51","type":"ACTION","action":"SEARCH","message":"Поиск по запросу: \"Ка\"","user":{"id":"user_uuid_1","name":"Имя1","role":"admin"},"ip":"::1","details":{}}
{"id":"1773585772382cdmax","timestamp":"15.03.2026, 22:42:52","type":"ACTION","action":"SEARCH","message":"Поиск по запросу: \"Каи\"","user":{"id":"user_uuid_1","name":"Имя1","role":"admin"},"ip":"::1","details":{}}
{"id":"17735857738695zrdo","timestamp":"15.03.2026, 22:42:53","type":"ACTION","action":"SEARCH","message":"Поиск по запросу: \"Кат\"","user":{"id":"user_uuid_1","name":"Имя1","role":"admin"},"ip":"::1","details":{}}
{"id":"1773585777151hph7f","timestamp":"15.03.2026, 22:42:57","type":"ACTION","action":"POST_REQUEST","message":"Успешный запрос на /api/products/recent","user":{"id":"user_uuid_1","name":"Имя1","role":"admin"},"ip":"::1","details":{}}
{"id":"1773585806034mca06","timestamp":"15.03.2026, 22:43:26","type":"ACTION","action":"POST_REQUEST","message":"Успешный запрос на /api/products/recent","user":{"id":"user_uuid_1","name":"Имя1","role":"admin"},"ip":"::1","details":{}}
{"id":"1773585811826pt692","timestamp":"15.03.2026, 22:43:31","type":"ACTION","action":"POST_REQUEST","message":"Успешный запрос на /api/products/recent","user":{"id":"user_uuid_1","name":"Имя1","role":"admin"},"ip":"::1","details":{}}
{"id":"17735863274161ld3z","timestamp":"15.03.2026, 22:52:07","type":"ACTION","action":"POST_REQUEST","message":"Успешный запрос на /api/products/recent","user":{"id":"user_uuid_1","name":"Имя1","role":"admin"},"ip":"::1","details":{}}
{"id":"17735863907624haj3","timestamp":"15.03.2026, 22:53:10","type":"ACTION","action":"POST_REQUEST","message":"Успешный запрос на /api/users/register","user":{"id":"guest","name":"Аноним","role":"guest"},"ip":"::1","details":{}}
{"id":"1773586455251rowgd","timestamp":"15.03.2026, 22:54:15","type":"ACTION","action":"POST_REQUEST","message":"Успешный запрос на /api/users/change-password/1773586390085","user":{"id":"1773586390085","name":"Сергей","role":"user"},"ip":"::1","details":{}}
{"id":"1773586455477llmsq","timestamp":"15.03.2026, 22:54:15","type":"ACTION","action":"PUT_REQUEST","message":"Успешный запрос на /api/users/profile/1773586390085","user":{"id":"1773586390085","name":"Сергей","role":"user"},"ip":"::1","details":{}}
{"id":"1773586463901gboz2","timestamp":"15.03.2026, 22:54:23","type":"ACTION","action":"POST_REQUEST","message":"Успешный запрос на /api/users/change-password/1773586390085","user":{"id":"1773586390085","name":"Сергей","role":"user"},"ip":"::1","details":{}}
{"id":"1773586464343fy8ep","timestamp":"15.03.2026, 22:54:24","type":"ACTION","action":"PUT_REQUEST","message":"Успешный запрос на /api/users/profile/1773586390085","user":{"id":"1773586390085","name":"Сергей","role":"user"},"ip":"::1","details":{}}
{"id":"1773586464682as5if","timestamp":"15.03.2026, 22:54:24","type":"ACTION","action":"POST_REQUEST","message":"Успешный запрос на /api/users/change-password/1773586390085","user":{"id":"1773586390085","name":"Сергей","role":"user"},"ip":"::1","details":{}}
{"id":"1773586465886zaoqy","timestamp":"15.03.2026, 22:54:25","type":"ACTION","action":"PUT_REQUEST","message":"Успешный запрос на /api/users/profile/1773586390085","user":{"id":"1773586390085","name":"Сергей","role":"user"},"ip":"::1","details":{}}
{"id":"1773586500402uohjq","timestamp":"15.03.2026, 22:55:00","type":"ACTION","action":"POST_REQUEST","message":"Успешный запрос на /api/users/change-password/1773586390085","user":{"id":"1773586390085","name":"Сергей","role":"user"},"ip":"::1","details":{}}
{"id":"17735865007056drf9","timestamp":"15.03.2026, 22:55:00","type":"ACTION","action":"PUT_REQUEST","message":"Успешный запрос на /api/users/profile/1773586390085","user":{"id":"1773586390085","name":"Сергей","role":"user"},"ip":"::1","details":{}}
{"id":"1773587463043j19sn","timestamp":"15.03.2026, 23:11:03","type":"ACTION","action":"POST_REQUEST","message":"Успешный запрос на /api/users/login","user":{"id":"guest","name":"Аноним","role":"guest"},"ip":"::1","details":{}}
{"id":"17735875400496sga6","timestamp":"15.03.2026, 23:12:20","type":"ACTION","action":"POST_REQUEST","message":"Успешный запрос на /api/users/register","user":{"id":"guest","name":"Аноним","role":"guest"},"ip":"::1","details":{}}
{"id":"17735881500719t5x0","timestamp":"15.03.2026, 23:22:30","type":"ACTION","action":"POST_REQUEST","message":"Успешный запрос на /api/users/login","user":{"id":"guest","name":"Аноним","role":"guest"},"ip":"::1","details":{}}
{"id":"177358817794390o07","timestamp":"15.03.2026, 23:22:57","type":"ACTION","action":"POST_REQUEST","message":"Успешный запрос на /api/users/login","user":{"id":"guest","name":"Аноним","role":"guest"},"ip":"::1","details":{}}
{"id":"1773588745596fhs88","timestamp":"15.03.2026, 23:32:25","type":"ACTION","action":"POST_REQUEST","message":"Успешный запрос на /api/users/change-password/1773586390085","user":{"id":"1773586390085","name":"Сергей","role":"user"},"ip":"::1","details":{}}
{"id":"1773588745808dfycb","timestamp":"15.03.2026, 23:32:25","type":"ACTION","action":"PUT_REQUEST","message":"Успешный запрос на /api/users/profile/1773586390085","user":{"id":"1773586390085","name":"Сергей","role":"user"},"ip":"::1","details":{}}
{"id":"1773588758884dn8qx","timestamp":"15.03.2026, 23:32:38","type":"ACTION","action":"POST_REQUEST","message":"Успешный запрос на /api/users/change-password/1773586390085","user":{"id":"1773586390085","name":"Сергей","role":"user"},"ip":"::1","details":{}}
{"id":"1773588759074igfsr","timestamp":"15.03.2026, 23:32:39","type":"ACTION","action":"PUT_REQUEST","message":"Успешный запрос на /api/users/profile/1773586390085","user":{"id":"1773586390085","name":"Сергей","role":"user"},"ip":"::1","details":{}}
{"id":"1773588879727d82r1","timestamp":"15.03.2026, 23:34:39","type":"ACTION","action":"POST_REQUEST","message":"Успешный запрос на /api/users/change-password/1773586390085","user":{"id":"1773586390085","name":"Сергей","role":"user"},"ip":"::1","details":{}}
{"id":"1773588880102nsisf","timestamp":"15.03.2026, 23:34:40","type":"ACTION","action":"PUT_REQUEST","message":"Успешный запрос на /api/users/profile/1773586390085","user":{"id":"1773586390085","name":"Сергей","role":"user"},"ip":"::1","details":{}}
{"id":"1773589036989nqbrv","timestamp":"15.03.2026, 23:37:16","type":"ACTION","action":"POST_REQUEST","message":"Успешный запрос на /api/users/register","user":{"id":"guest","name":"Аноним","role":"guest"},"ip":"::1","details":{}}
{"id":"17735895638350rlsc","timestamp":"15.03.2026, 23:46:03","type":"ACTION","action":"POST_REQUEST","message":"Успешный запрос на /api/users/login","user":{"id":"guest","name":"Аноним","role":"guest"},"ip":"::1","details":{}}
{"id":"1773590039796yih3v","timestamp":"15.03.2026, 23:53:59","type":"ACTION","action":"POST_REQUEST","message":"Успешный запрос на /api/users/login","user":{"id":"guest","name":"Аноним","role":"guest"},"ip":"::1","details":{}}
{"id":"1773590076956sgw15","timestamp":"15.03.2026, 23:54:36","type":"ACTION","action":"POST_REQUEST","message":"Успешный запрос на /api/users/register","user":{"id":"guest","name":"Аноним","role":"guest"},"ip":"::1","details":{}}
{"id":"1773590091313i62um","timestamp":"15.03.2026, 23:54:51","type":"ACTION","action":"POST_REQUEST","message":"Успешный запрос на /api/users/login","user":{"id":"guest","name":"Аноним","role":"guest"},"ip":"::1","details":{}}
{"id":"1773590151326n8ycc","timestamp":"15.03.2026, 23:55:51","type":"ACTION","action":"POST_REQUEST","message":"Успешный запрос на /api/users/login","user":{"id":"guest","name":"Аноним","role":"guest"},"ip":"::1","details":{}}
{"id":"1773590178954kj3k9","timestamp":"15.03.2026, 23:56:18","type":"ACTION","action":"POST_REQUEST","message":"Успешный запрос на /api/users/change-password/1773590076079","user":{"id":"1773590076079","name":"Test1","role":"user"},"ip":"::1","details":{}}
{"id":"17735901791405ij67","timestamp":"15.03.2026, 23:56:19","type":"ACTION","action":"PUT_REQUEST","message":"Успешный запрос на /api/users/profile/1773590076079","user":{"id":"1773590076079","name":"Test1","role":"user"},"ip":"::1","details":{}}
{"id":"1773590210696u9up5","timestamp":"15.03.2026, 23:56:50","type":"ACTION","action":"POST_REQUEST","message":"Успешный запрос на /api/users/login","user":{"id":"guest","name":"Аноним","role":"guest"},"ip":"::1","details":{}}
{"id":"1773590481522xn2jv","timestamp":"16.03.2026, 00:01:21","type":"ACTION","action":"POST_REQUEST","message":"Успешный запрос на /api/users/login","user":{"id":"guest","name":"Аноним","role":"guest"},"ip":"::1","details":{}}
{"id":"17735905629849zzdw","timestamp":"16.03.2026, 00:02:42","type":"ACTION","action":"POST_REQUEST","message":"Успешный запрос на /api/wishlist","user":{"id":"user_uuid_1","name":"Имя1","role":"admin"},"ip":"::1","details":{}}
{"id":"1773590564067yhc9z","timestamp":"16.03.2026, 00:02:44","type":"ACTION","action":"DELETE_REQUEST","message":"Успешный запрос на /api/wishlist/user_uuid_1/1","user":{"id":"user_uuid_1","name":"Имя1","role":"admin"},"ip":"::1","details":{}}
{"id":"1773590565118ul69i","timestamp":"16.03.2026, 00:02:45","type":"ACTION","action":"POST_REQUEST","message":"Успешный запрос на /api/wishlist","user":{"id":"user_uuid_1","name":"Имя1","role":"admin"},"ip":"::1","details":{}}
{"id":"17735905730069hald","timestamp":"16.03.2026, 00:02:53","type":"ACTION","action":"DELETE_REQUEST","message":"Успешный запрос на /api/wishlist/2","user":{"id":"user_uuid_1","name":"Имя1","role":"admin"},"ip":"::1","details":{}}
{"id":"1773590579941z4pg4","timestamp":"16.03.2026, 00:02:59","type":"ACTION","action":"POST_REQUEST","message":"Успешный запрос на /api/products/recent","user":{"id":"user_uuid_1","name":"Имя1","role":"admin"},"ip":"::1","details":{}}
{"id":"1773591139499afraw","timestamp":"16.03.2026, 00:12:19","type":"ACTION","action":"POST_REQUEST","message":"Успешный запрос на /api/products/recent","user":{"id":"guest","name":"Аноним","role":"guest"},"ip":"::1","details":{}}
{"id":"1773591282426ua1nb","timestamp":"16.03.2026, 00:14:42","type":"ACTION","action":"POST_REQUEST","message":"Успешный запрос на /api/products/recent","user":{"id":"user_uuid_1","name":"Имя1","role":"admin"},"ip":"::1","details":{}}
{"id":"17735912971982c2w4","timestamp":"16.03.2026, 00:14:57","type":"ACTION","action":"PUT_REQUEST","message":"Успешный запрос на /api/users/profile/user_uuid_1","user":{"id":"user_uuid_1","name":"Имя1","role":"admin"},"ip":"::1","details":{}}
{"id":"1773591311902kx362","timestamp":"16.03.2026, 00:15:11","type":"ACTION","action":"POST_REQUEST","message":"Успешный запрос на /api/products/recent","user":{"id":"user_uuid_1","name":"Имя1","role":"admin"},"ip":"::1","details":{}}
